#-----------------------------------------------------------
# Vivado v2016.4 (64-bit)
# SW Build 1756540 on Mon Jan 23 19:11:23 MST 2017
# IP Build 1755317 on Mon Jan 23 20:30:07 MST 2017
# Start of session at: Sat Dec 12 22:58:15 2020
# Process ID: 3020
# Current directory: C:/D/An3/An3_sem1_exerc/SSC/SSC_proiect/Wallace_Tree_16
# Command line: vivado.exe -gui_launcher_event rodinguilauncherevent236 C:\D\An3\An3_sem1_exerc\SSC\SSC_proiect\Wallace_Tree_16\Wallace_Tree_16.xpr
# Log file: C:/D/An3/An3_sem1_exerc/SSC/SSC_proiect/Wallace_Tree_16/vivado.log
# Journal file: C:/D/An3/An3_sem1_exerc/SSC/SSC_proiect/Wallace_Tree_16\vivado.jou
#-----------------------------------------------------------
start_gui
open_project C:/D/An3/An3_sem1_exerc/SSC/SSC_proiect/Wallace_Tree_16/Wallace_Tree_16.xpr
Scanning sources...
Finished scanning sources
INFO: [IP_Flow 19-234] Refreshing IP repositories
INFO: [IP_Flow 19-1704] No user IP repositories specified
INFO: [IP_Flow 19-2313] Loaded Vivado IP repository 'C:/Xilinx/Vivado/2016.4/data/ip'.
add_files -fileset constrs_1 -norecurse C:/D/An3/An3_sem1_exerc/SSC/SSC_lab/Nexys4DDR_Master.xdc
import_files -fileset constrs_1 C:/D/An3/An3_sem1_exerc/SSC/SSC_lab/Nexys4DDR_Master.xdc
set_property target_constrs_file C:/D/An3/An3_sem1_exerc/SSC/SSC_proiect/Wallace_Tree_16/Wallace_Tree_16.srcs/constrs_1/imports/SSC_lab/Nexys4DDR_Master.xdc [current_fileset -constrset]
close [ open C:/D/An3/An3_sem1_exerc/SSC/SSC_proiect/Wallace_Tree_16/Wallace_Tree_16.srcs/sources_1/new/MPG.vhd w ]
add_files C:/D/An3/An3_sem1_exerc/SSC/SSC_proiect/Wallace_Tree_16/Wallace_Tree_16.srcs/sources_1/new/MPG.vhd
close [ open C:/D/An3/An3_sem1_exerc/SSC/SSC_proiect/Wallace_Tree_16/Wallace_Tree_16.srcs/sources_1/new/displ7seg.vhd w ]
add_files C:/D/An3/An3_sem1_exerc/SSC/SSC_proiect/Wallace_Tree_16/Wallace_Tree_16.srcs/sources_1/new/displ7seg.vhd
close [ open C:/D/An3/An3_sem1_exerc/SSC/SSC_proiect/Wallace_Tree_16/Wallace_Tree_16.srcs/sources_1/new/Inmultire_wallace_16_mainn.vhd w ]
add_files C:/D/An3/An3_sem1_exerc/SSC/SSC_proiect/Wallace_Tree_16/Wallace_Tree_16.srcs/sources_1/new/Inmultire_wallace_16_mainn.vhd
launch_runs synth_1 -jobs 2
INFO: [HDL 9-1061] Parsing VHDL file "C:/D/An3/An3_sem1_exerc/SSC/SSC_proiect/Wallace_Tree_16/Wallace_Tree_16.srcs/sources_1/new/Inmultire_wallace_16_mainn.vhd" into library xil_defaultlib [C:/D/An3/An3_sem1_exerc/SSC/SSC_proiect/Wallace_Tree_16/Wallace_Tree_16.srcs/sources_1/new/Inmultire_wallace_16_mainn.vhd:1]
[Sat Dec 12 23:06:50 2020] Launched synth_1...
Run output will be captured here: C:/D/An3/An3_sem1_exerc/SSC/SSC_proiect/Wallace_Tree_16/Wallace_Tree_16.runs/synth_1/runme.log
launch_runs impl_1 -jobs 2
[Sat Dec 12 23:07:48 2020] Launched impl_1...
Run output will be captured here: C:/D/An3/An3_sem1_exerc/SSC/SSC_proiect/Wallace_Tree_16/Wallace_Tree_16.runs/impl_1/runme.log
create_run synth_2 -flow {Vivado Synthesis 2016} -strategy {Vivado Synthesis Defaults}
Run is defaulting to srcset: sources_1
Run is defaulting to constrset: constrs_1
Run is defaulting to part: xc7a50tcsg324-1
current_run [get_runs synth_2]
set_property top Inmultire_wallace_16_mainn [current_fileset]
set_property target_language VHDL [current_project]
launch_runs synth_2 -jobs 2
INFO: [HDL 9-1061] Parsing VHDL file "C:/D/An3/An3_sem1_exerc/SSC/SSC_proiect/Wallace_Tree_16/Wallace_Tree_16.srcs/sources_1/new/Inmultire_wallace_16_mainn.vhd" into library xil_defaultlib [C:/D/An3/An3_sem1_exerc/SSC/SSC_proiect/Wallace_Tree_16/Wallace_Tree_16.srcs/sources_1/new/Inmultire_wallace_16_mainn.vhd:1]
[Sat Dec 12 23:10:21 2020] Launched synth_2...
Run output will be captured here: C:/D/An3/An3_sem1_exerc/SSC/SSC_proiect/Wallace_Tree_16/Wallace_Tree_16.runs/synth_2/runme.log
launch_runs impl_2 -jobs 2
[Sat Dec 12 23:11:38 2020] Launched impl_2...
Run output will be captured here: C:/D/An3/An3_sem1_exerc/SSC/SSC_proiect/Wallace_Tree_16/Wallace_Tree_16.runs/impl_2/runme.log
launch_runs impl_2 -to_step write_bitstream -jobs 2
[Sat Dec 12 23:13:51 2020] Launched impl_2...
Run output will be captured here: C:/D/An3/An3_sem1_exerc/SSC/SSC_proiect/Wallace_Tree_16/Wallace_Tree_16.runs/impl_2/runme.log
exit
INFO: [Common 17-206] Exiting Vivado at Sat Dec 12 23:16:23 2020...
