#-----------------------------------------------------------
# Vivado v2016.4 (64-bit)
# SW Build 1756540 on Mon Jan 23 19:11:23 MST 2017
# IP Build 1755317 on Mon Jan 23 20:30:07 MST 2017
# Start of session at: Sat Dec 26 16:58:04 2020
# Process ID: 8232
# Current directory: C:/D/An3/An3_sem1_exerc/SSC/SSC_proiect/Multiplicator_CPA_16
# Command line: vivado.exe -gui_launcher_event rodinguilauncherevent5248 C:\D\An3\An3_sem1_exerc\SSC\SSC_proiect\Multiplicator_CPA_16\Multiplicator_CPA_16.xpr
# Log file: C:/D/An3/An3_sem1_exerc/SSC/SSC_proiect/Multiplicator_CPA_16/vivado.log
# Journal file: C:/D/An3/An3_sem1_exerc/SSC/SSC_proiect/Multiplicator_CPA_16\vivado.jou
#-----------------------------------------------------------
start_gui
open_project C:/D/An3/An3_sem1_exerc/SSC/SSC_proiect/Multiplicator_CPA_16/Multiplicator_CPA_16.xpr
Scanning sources...
Finished scanning sources
INFO: [IP_Flow 19-234] Refreshing IP repositories
INFO: [IP_Flow 19-1704] No user IP repositories specified
INFO: [IP_Flow 19-2313] Loaded Vivado IP repository 'C:/Xilinx/Vivado/2016.4/data/ip'.
open_project: Time (s): cpu = 00:00:10 ; elapsed = 00:00:07 . Memory (MB): peak = 764.863 ; gain = 127.387
set_property top Inmultire_mainn_CPA_16 [current_fileset]
reset_run synth_2
launch_runs synth_2 -jobs 2
INFO: [HDL 9-1061] Parsing VHDL file "C:/D/An3/An3_sem1_exerc/SSC/SSC_proiect/Multiplicator_CPA_16/Multiplicator_CPA_16.srcs/sources_1/new/Inmultire_mainn_CPA_16.vhd" into library xil_defaultlib [C:/D/An3/An3_sem1_exerc/SSC/SSC_proiect/Multiplicator_CPA_16/Multiplicator_CPA_16.srcs/sources_1/new/Inmultire_mainn_CPA_16.vhd:1]
INFO: [HDL 9-1061] Parsing VHDL file "C:/D/An3/An3_sem1_exerc/SSC/SSC_proiect/Multiplicator_CPA_16/Multiplicator_CPA_16.srcs/sources_1/new/MPG.vhd" into library xil_defaultlib [C:/D/An3/An3_sem1_exerc/SSC/SSC_proiect/Multiplicator_CPA_16/Multiplicator_CPA_16.srcs/sources_1/new/MPG.vhd:1]
INFO: [HDL 9-1061] Parsing VHDL file "C:/D/An3/An3_sem1_exerc/SSC/SSC_proiect/Multiplicator_CPA_16/Multiplicator_CPA_16.srcs/sources_1/new/carry_prop_adder.vhd" into library xil_defaultlib [C:/D/An3/An3_sem1_exerc/SSC/SSC_proiect/Multiplicator_CPA_16/Multiplicator_CPA_16.srcs/sources_1/new/carry_prop_adder.vhd:1]
INFO: [HDL 9-1061] Parsing VHDL file "C:/D/An3/An3_sem1_exerc/SSC/SSC_proiect/Multiplicator_CPA_16/Multiplicator_CPA_16.srcs/sources_1/new/displ7seg.vhd" into library xil_defaultlib [C:/D/An3/An3_sem1_exerc/SSC/SSC_proiect/Multiplicator_CPA_16/Multiplicator_CPA_16.srcs/sources_1/new/displ7seg.vhd:1]
INFO: [HDL 9-1061] Parsing VHDL file "C:/D/An3/An3_sem1_exerc/SSC/SSC_proiect/Multiplicator_CPA_16/Multiplicator_CPA_16.srcs/sources_1/new/full_adder.vhd" into library xil_defaultlib [C:/D/An3/An3_sem1_exerc/SSC/SSC_proiect/Multiplicator_CPA_16/Multiplicator_CPA_16.srcs/sources_1/new/full_adder.vhd:1]
INFO: [HDL 9-1061] Parsing VHDL file "C:/D/An3/An3_sem1_exerc/SSC/SSC_proiect/Multiplicator_CPA_16/Multiplicator_CPA_16.srcs/sources_1/new/multiplier_CPA_16.vhd" into library xil_defaultlib [C:/D/An3/An3_sem1_exerc/SSC/SSC_proiect/Multiplicator_CPA_16/Multiplicator_CPA_16.srcs/sources_1/new/multiplier_CPA_16.vhd:1]
INFO: [HDL 9-1061] Parsing VHDL file "C:/D/An3/An3_sem1_exerc/SSC/SSC_proiect/Multiplicator_CPA_16/Multiplicator_CPA_16.srcs/sources_1/new/multiplier_CPA_16_tb.vhd" into library xil_defaultlib [C:/D/An3/An3_sem1_exerc/SSC/SSC_proiect/Multiplicator_CPA_16/Multiplicator_CPA_16.srcs/sources_1/new/multiplier_CPA_16_tb.vhd:1]
[Sat Dec 26 16:59:12 2020] Launched synth_2...
Run output will be captured here: C:/D/An3/An3_sem1_exerc/SSC/SSC_proiect/Multiplicator_CPA_16/Multiplicator_CPA_16.runs/synth_2/runme.log
launch_runs impl_2 -jobs 2
[Sat Dec 26 17:00:10 2020] Launched impl_2...
Run output will be captured here: C:/D/An3/An3_sem1_exerc/SSC/SSC_proiect/Multiplicator_CPA_16/Multiplicator_CPA_16.runs/impl_2/runme.log
launch_runs impl_2 -to_step write_bitstream -jobs 2
[Sat Dec 26 17:01:58 2020] Launched impl_2...
Run output will be captured here: C:/D/An3/An3_sem1_exerc/SSC/SSC_proiect/Multiplicator_CPA_16/Multiplicator_CPA_16.runs/impl_2/runme.log
exit
INFO: [Common 17-206] Exiting Vivado at Sat Dec 26 17:02:49 2020...
