
*** Running vivado
    with args -log wallace16_tb.vds -m64 -product Vivado -mode batch -messageDb vivado.pb -notrace -source wallace16_tb.tcl


****** Vivado v2016.4 (64-bit)
  **** SW Build 1756540 on Mon Jan 23 19:11:23 MST 2017
  **** IP Build 1755317 on Mon Jan 23 20:30:07 MST 2017
    ** Copyright 1986-2016 Xilinx, Inc. All Rights Reserved.

source wallace16_tb.tcl -notrace
Command: synth_design -top wallace16_tb -part xc7a50tcsg324-1
Starting synth_design
Attempting to get a license for feature 'Synthesis' and/or device 'xc7a50t'
INFO: [Common 17-349] Got license for feature 'Synthesis' and/or device 'xc7a50t'
INFO: Launching helper process for spawning children vivado processes
INFO: Helper process launched with PID 9752 
---------------------------------------------------------------------------------
Starting RTL Elaboration : Time (s): cpu = 00:00:05 ; elapsed = 00:00:07 . Memory (MB): peak = 296.250 ; gain = 86.109
---------------------------------------------------------------------------------
INFO: [Synth 8-638] synthesizing module 'wallace16_tb' [C:/D/An3/An3_sem1_exerc/SSC/SSC_proiect/Wallace_Tree_16/Wallace_Tree_16.srcs/sources_1/new/wallace16_tb.vhd:13]
INFO: [Synth 8-3491] module 'wallace16' declared at 'C:/D/An3/An3_sem1_exerc/SSC/SSC_proiect/Wallace_Tree_16/Wallace_Tree_16.srcs/sources_1/new/wallace16.vhd:7' bound to instance 'DUT1' of component 'wallace16' [C:/D/An3/An3_sem1_exerc/SSC/SSC_proiect/Wallace_Tree_16/Wallace_Tree_16.srcs/sources_1/new/wallace16_tb.vhd:29]
INFO: [Synth 8-638] synthesizing module 'wallace16' [C:/D/An3/An3_sem1_exerc/SSC/SSC_proiect/Wallace_Tree_16/Wallace_Tree_16.srcs/sources_1/new/wallace16.vhd:15]
INFO: [Synth 8-3491] module 'full_adder' declared at 'C:/D/An3/An3_sem1_exerc/SSC/SSC_proiect/Wallace_Tree_16/Wallace_Tree_16.srcs/sources_1/new/full_adder.vhd:7' bound to instance 'F1_01' of component 'full_adder' [C:/D/An3/An3_sem1_exerc/SSC/SSC_proiect/Wallace_Tree_16/Wallace_Tree_16.srcs/sources_1/new/wallace16.vhd:152]
INFO: [Synth 8-638] synthesizing module 'full_adder' [C:/D/An3/An3_sem1_exerc/SSC/SSC_proiect/Wallace_Tree_16/Wallace_Tree_16.srcs/sources_1/new/full_adder.vhd:17]
INFO: [Synth 8-256] done synthesizing module 'full_adder' (1#1) [C:/D/An3/An3_sem1_exerc/SSC/SSC_proiect/Wallace_Tree_16/Wallace_Tree_16.srcs/sources_1/new/full_adder.vhd:17]
INFO: [Synth 8-3491] module 'full_adder' declared at 'C:/D/An3/An3_sem1_exerc/SSC/SSC_proiect/Wallace_Tree_16/Wallace_Tree_16.srcs/sources_1/new/full_adder.vhd:7' bound to instance 'F1_02' of component 'full_adder' [C:/D/An3/An3_sem1_exerc/SSC/SSC_proiect/Wallace_Tree_16/Wallace_Tree_16.srcs/sources_1/new/wallace16.vhd:153]
INFO: [Synth 8-3491] module 'full_adder' declared at 'C:/D/An3/An3_sem1_exerc/SSC/SSC_proiect/Wallace_Tree_16/Wallace_Tree_16.srcs/sources_1/new/full_adder.vhd:7' bound to instance 'F1_03' of component 'full_adder' [C:/D/An3/An3_sem1_exerc/SSC/SSC_proiect/Wallace_Tree_16/Wallace_Tree_16.srcs/sources_1/new/wallace16.vhd:154]
INFO: [Synth 8-3491] module 'full_adder' declared at 'C:/D/An3/An3_sem1_exerc/SSC/SSC_proiect/Wallace_Tree_16/Wallace_Tree_16.srcs/sources_1/new/full_adder.vhd:7' bound to instance 'F1_04' of component 'full_adder' [C:/D/An3/An3_sem1_exerc/SSC/SSC_proiect/Wallace_Tree_16/Wallace_Tree_16.srcs/sources_1/new/wallace16.vhd:155]
INFO: [Synth 8-3491] module 'full_adder' declared at 'C:/D/An3/An3_sem1_exerc/SSC/SSC_proiect/Wallace_Tree_16/Wallace_Tree_16.srcs/sources_1/new/full_adder.vhd:7' bound to instance 'F1_05' of component 'full_adder' [C:/D/An3/An3_sem1_exerc/SSC/SSC_proiect/Wallace_Tree_16/Wallace_Tree_16.srcs/sources_1/new/wallace16.vhd:156]
INFO: [Synth 8-3491] module 'full_adder' declared at 'C:/D/An3/An3_sem1_exerc/SSC/SSC_proiect/Wallace_Tree_16/Wallace_Tree_16.srcs/sources_1/new/full_adder.vhd:7' bound to instance 'F1_06' of component 'full_adder' [C:/D/An3/An3_sem1_exerc/SSC/SSC_proiect/Wallace_Tree_16/Wallace_Tree_16.srcs/sources_1/new/wallace16.vhd:157]
INFO: [Synth 8-3491] module 'full_adder' declared at 'C:/D/An3/An3_sem1_exerc/SSC/SSC_proiect/Wallace_Tree_16/Wallace_Tree_16.srcs/sources_1/new/full_adder.vhd:7' bound to instance 'F1_07' of component 'full_adder' [C:/D/An3/An3_sem1_exerc/SSC/SSC_proiect/Wallace_Tree_16/Wallace_Tree_16.srcs/sources_1/new/wallace16.vhd:158]
INFO: [Synth 8-3491] module 'full_adder' declared at 'C:/D/An3/An3_sem1_exerc/SSC/SSC_proiect/Wallace_Tree_16/Wallace_Tree_16.srcs/sources_1/new/full_adder.vhd:7' bound to instance 'F1_08' of component 'full_adder' [C:/D/An3/An3_sem1_exerc/SSC/SSC_proiect/Wallace_Tree_16/Wallace_Tree_16.srcs/sources_1/new/wallace16.vhd:159]
INFO: [Synth 8-3491] module 'full_adder' declared at 'C:/D/An3/An3_sem1_exerc/SSC/SSC_proiect/Wallace_Tree_16/Wallace_Tree_16.srcs/sources_1/new/full_adder.vhd:7' bound to instance 'F1_09' of component 'full_adder' [C:/D/An3/An3_sem1_exerc/SSC/SSC_proiect/Wallace_Tree_16/Wallace_Tree_16.srcs/sources_1/new/wallace16.vhd:160]
INFO: [Synth 8-3491] module 'full_adder' declared at 'C:/D/An3/An3_sem1_exerc/SSC/SSC_proiect/Wallace_Tree_16/Wallace_Tree_16.srcs/sources_1/new/full_adder.vhd:7' bound to instance 'F1_10' of component 'full_adder' [C:/D/An3/An3_sem1_exerc/SSC/SSC_proiect/Wallace_Tree_16/Wallace_Tree_16.srcs/sources_1/new/wallace16.vhd:161]
INFO: [Synth 8-3491] module 'full_adder' declared at 'C:/D/An3/An3_sem1_exerc/SSC/SSC_proiect/Wallace_Tree_16/Wallace_Tree_16.srcs/sources_1/new/full_adder.vhd:7' bound to instance 'F1_11' of component 'full_adder' [C:/D/An3/An3_sem1_exerc/SSC/SSC_proiect/Wallace_Tree_16/Wallace_Tree_16.srcs/sources_1/new/wallace16.vhd:162]
INFO: [Synth 8-3491] module 'full_adder' declared at 'C:/D/An3/An3_sem1_exerc/SSC/SSC_proiect/Wallace_Tree_16/Wallace_Tree_16.srcs/sources_1/new/full_adder.vhd:7' bound to instance 'F1_12' of component 'full_adder' [C:/D/An3/An3_sem1_exerc/SSC/SSC_proiect/Wallace_Tree_16/Wallace_Tree_16.srcs/sources_1/new/wallace16.vhd:163]
INFO: [Synth 8-3491] module 'full_adder' declared at 'C:/D/An3/An3_sem1_exerc/SSC/SSC_proiect/Wallace_Tree_16/Wallace_Tree_16.srcs/sources_1/new/full_adder.vhd:7' bound to instance 'F1_13' of component 'full_adder' [C:/D/An3/An3_sem1_exerc/SSC/SSC_proiect/Wallace_Tree_16/Wallace_Tree_16.srcs/sources_1/new/wallace16.vhd:164]
INFO: [Synth 8-3491] module 'full_adder' declared at 'C:/D/An3/An3_sem1_exerc/SSC/SSC_proiect/Wallace_Tree_16/Wallace_Tree_16.srcs/sources_1/new/full_adder.vhd:7' bound to instance 'F1_14' of component 'full_adder' [C:/D/An3/An3_sem1_exerc/SSC/SSC_proiect/Wallace_Tree_16/Wallace_Tree_16.srcs/sources_1/new/wallace16.vhd:165]
INFO: [Synth 8-3491] module 'full_adder' declared at 'C:/D/An3/An3_sem1_exerc/SSC/SSC_proiect/Wallace_Tree_16/Wallace_Tree_16.srcs/sources_1/new/full_adder.vhd:7' bound to instance 'F1_15' of component 'full_adder' [C:/D/An3/An3_sem1_exerc/SSC/SSC_proiect/Wallace_Tree_16/Wallace_Tree_16.srcs/sources_1/new/wallace16.vhd:166]
INFO: [Synth 8-3491] module 'full_adder' declared at 'C:/D/An3/An3_sem1_exerc/SSC/SSC_proiect/Wallace_Tree_16/Wallace_Tree_16.srcs/sources_1/new/full_adder.vhd:7' bound to instance 'F2_01' of component 'full_adder' [C:/D/An3/An3_sem1_exerc/SSC/SSC_proiect/Wallace_Tree_16/Wallace_Tree_16.srcs/sources_1/new/wallace16.vhd:172]
INFO: [Synth 8-3491] module 'full_adder' declared at 'C:/D/An3/An3_sem1_exerc/SSC/SSC_proiect/Wallace_Tree_16/Wallace_Tree_16.srcs/sources_1/new/full_adder.vhd:7' bound to instance 'F2_02' of component 'full_adder' [C:/D/An3/An3_sem1_exerc/SSC/SSC_proiect/Wallace_Tree_16/Wallace_Tree_16.srcs/sources_1/new/wallace16.vhd:173]
INFO: [Synth 8-3491] module 'full_adder' declared at 'C:/D/An3/An3_sem1_exerc/SSC/SSC_proiect/Wallace_Tree_16/Wallace_Tree_16.srcs/sources_1/new/full_adder.vhd:7' bound to instance 'F2_03' of component 'full_adder' [C:/D/An3/An3_sem1_exerc/SSC/SSC_proiect/Wallace_Tree_16/Wallace_Tree_16.srcs/sources_1/new/wallace16.vhd:174]
INFO: [Synth 8-3491] module 'full_adder' declared at 'C:/D/An3/An3_sem1_exerc/SSC/SSC_proiect/Wallace_Tree_16/Wallace_Tree_16.srcs/sources_1/new/full_adder.vhd:7' bound to instance 'F2_04' of component 'full_adder' [C:/D/An3/An3_sem1_exerc/SSC/SSC_proiect/Wallace_Tree_16/Wallace_Tree_16.srcs/sources_1/new/wallace16.vhd:175]
INFO: [Synth 8-3491] module 'full_adder' declared at 'C:/D/An3/An3_sem1_exerc/SSC/SSC_proiect/Wallace_Tree_16/Wallace_Tree_16.srcs/sources_1/new/full_adder.vhd:7' bound to instance 'F2_05' of component 'full_adder' [C:/D/An3/An3_sem1_exerc/SSC/SSC_proiect/Wallace_Tree_16/Wallace_Tree_16.srcs/sources_1/new/wallace16.vhd:176]
INFO: [Synth 8-3491] module 'full_adder' declared at 'C:/D/An3/An3_sem1_exerc/SSC/SSC_proiect/Wallace_Tree_16/Wallace_Tree_16.srcs/sources_1/new/full_adder.vhd:7' bound to instance 'F2_06' of component 'full_adder' [C:/D/An3/An3_sem1_exerc/SSC/SSC_proiect/Wallace_Tree_16/Wallace_Tree_16.srcs/sources_1/new/wallace16.vhd:177]
INFO: [Synth 8-3491] module 'full_adder' declared at 'C:/D/An3/An3_sem1_exerc/SSC/SSC_proiect/Wallace_Tree_16/Wallace_Tree_16.srcs/sources_1/new/full_adder.vhd:7' bound to instance 'F2_07' of component 'full_adder' [C:/D/An3/An3_sem1_exerc/SSC/SSC_proiect/Wallace_Tree_16/Wallace_Tree_16.srcs/sources_1/new/wallace16.vhd:178]
INFO: [Synth 8-3491] module 'full_adder' declared at 'C:/D/An3/An3_sem1_exerc/SSC/SSC_proiect/Wallace_Tree_16/Wallace_Tree_16.srcs/sources_1/new/full_adder.vhd:7' bound to instance 'F2_08' of component 'full_adder' [C:/D/An3/An3_sem1_exerc/SSC/SSC_proiect/Wallace_Tree_16/Wallace_Tree_16.srcs/sources_1/new/wallace16.vhd:179]
INFO: [Synth 8-3491] module 'full_adder' declared at 'C:/D/An3/An3_sem1_exerc/SSC/SSC_proiect/Wallace_Tree_16/Wallace_Tree_16.srcs/sources_1/new/full_adder.vhd:7' bound to instance 'F2_09' of component 'full_adder' [C:/D/An3/An3_sem1_exerc/SSC/SSC_proiect/Wallace_Tree_16/Wallace_Tree_16.srcs/sources_1/new/wallace16.vhd:180]
INFO: [Synth 8-3491] module 'full_adder' declared at 'C:/D/An3/An3_sem1_exerc/SSC/SSC_proiect/Wallace_Tree_16/Wallace_Tree_16.srcs/sources_1/new/full_adder.vhd:7' bound to instance 'F2_10' of component 'full_adder' [C:/D/An3/An3_sem1_exerc/SSC/SSC_proiect/Wallace_Tree_16/Wallace_Tree_16.srcs/sources_1/new/wallace16.vhd:181]
INFO: [Synth 8-3491] module 'full_adder' declared at 'C:/D/An3/An3_sem1_exerc/SSC/SSC_proiect/Wallace_Tree_16/Wallace_Tree_16.srcs/sources_1/new/full_adder.vhd:7' bound to instance 'F2_11' of component 'full_adder' [C:/D/An3/An3_sem1_exerc/SSC/SSC_proiect/Wallace_Tree_16/Wallace_Tree_16.srcs/sources_1/new/wallace16.vhd:182]
INFO: [Synth 8-3491] module 'full_adder' declared at 'C:/D/An3/An3_sem1_exerc/SSC/SSC_proiect/Wallace_Tree_16/Wallace_Tree_16.srcs/sources_1/new/full_adder.vhd:7' bound to instance 'F2_12' of component 'full_adder' [C:/D/An3/An3_sem1_exerc/SSC/SSC_proiect/Wallace_Tree_16/Wallace_Tree_16.srcs/sources_1/new/wallace16.vhd:183]
INFO: [Synth 8-3491] module 'full_adder' declared at 'C:/D/An3/An3_sem1_exerc/SSC/SSC_proiect/Wallace_Tree_16/Wallace_Tree_16.srcs/sources_1/new/full_adder.vhd:7' bound to instance 'F2_13' of component 'full_adder' [C:/D/An3/An3_sem1_exerc/SSC/SSC_proiect/Wallace_Tree_16/Wallace_Tree_16.srcs/sources_1/new/wallace16.vhd:184]
INFO: [Synth 8-3491] module 'full_adder' declared at 'C:/D/An3/An3_sem1_exerc/SSC/SSC_proiect/Wallace_Tree_16/Wallace_Tree_16.srcs/sources_1/new/full_adder.vhd:7' bound to instance 'F2_14' of component 'full_adder' [C:/D/An3/An3_sem1_exerc/SSC/SSC_proiect/Wallace_Tree_16/Wallace_Tree_16.srcs/sources_1/new/wallace16.vhd:185]
INFO: [Synth 8-3491] module 'full_adder' declared at 'C:/D/An3/An3_sem1_exerc/SSC/SSC_proiect/Wallace_Tree_16/Wallace_Tree_16.srcs/sources_1/new/full_adder.vhd:7' bound to instance 'F2_15' of component 'full_adder' [C:/D/An3/An3_sem1_exerc/SSC/SSC_proiect/Wallace_Tree_16/Wallace_Tree_16.srcs/sources_1/new/wallace16.vhd:186]
INFO: [Synth 8-3491] module 'full_adder' declared at 'C:/D/An3/An3_sem1_exerc/SSC/SSC_proiect/Wallace_Tree_16/Wallace_Tree_16.srcs/sources_1/new/full_adder.vhd:7' bound to instance 'F3_01' of component 'full_adder' [C:/D/An3/An3_sem1_exerc/SSC/SSC_proiect/Wallace_Tree_16/Wallace_Tree_16.srcs/sources_1/new/wallace16.vhd:194]
INFO: [Synth 8-3491] module 'full_adder' declared at 'C:/D/An3/An3_sem1_exerc/SSC/SSC_proiect/Wallace_Tree_16/Wallace_Tree_16.srcs/sources_1/new/full_adder.vhd:7' bound to instance 'F3_02' of component 'full_adder' [C:/D/An3/An3_sem1_exerc/SSC/SSC_proiect/Wallace_Tree_16/Wallace_Tree_16.srcs/sources_1/new/wallace16.vhd:195]
INFO: [Synth 8-3491] module 'full_adder' declared at 'C:/D/An3/An3_sem1_exerc/SSC/SSC_proiect/Wallace_Tree_16/Wallace_Tree_16.srcs/sources_1/new/full_adder.vhd:7' bound to instance 'F3_03' of component 'full_adder' [C:/D/An3/An3_sem1_exerc/SSC/SSC_proiect/Wallace_Tree_16/Wallace_Tree_16.srcs/sources_1/new/wallace16.vhd:196]
INFO: [Synth 8-3491] module 'full_adder' declared at 'C:/D/An3/An3_sem1_exerc/SSC/SSC_proiect/Wallace_Tree_16/Wallace_Tree_16.srcs/sources_1/new/full_adder.vhd:7' bound to instance 'F3_04' of component 'full_adder' [C:/D/An3/An3_sem1_exerc/SSC/SSC_proiect/Wallace_Tree_16/Wallace_Tree_16.srcs/sources_1/new/wallace16.vhd:197]
INFO: [Synth 8-3491] module 'full_adder' declared at 'C:/D/An3/An3_sem1_exerc/SSC/SSC_proiect/Wallace_Tree_16/Wallace_Tree_16.srcs/sources_1/new/full_adder.vhd:7' bound to instance 'F3_05' of component 'full_adder' [C:/D/An3/An3_sem1_exerc/SSC/SSC_proiect/Wallace_Tree_16/Wallace_Tree_16.srcs/sources_1/new/wallace16.vhd:198]
INFO: [Synth 8-3491] module 'full_adder' declared at 'C:/D/An3/An3_sem1_exerc/SSC/SSC_proiect/Wallace_Tree_16/Wallace_Tree_16.srcs/sources_1/new/full_adder.vhd:7' bound to instance 'F3_06' of component 'full_adder' [C:/D/An3/An3_sem1_exerc/SSC/SSC_proiect/Wallace_Tree_16/Wallace_Tree_16.srcs/sources_1/new/wallace16.vhd:199]
INFO: [Synth 8-3491] module 'full_adder' declared at 'C:/D/An3/An3_sem1_exerc/SSC/SSC_proiect/Wallace_Tree_16/Wallace_Tree_16.srcs/sources_1/new/full_adder.vhd:7' bound to instance 'F3_07' of component 'full_adder' [C:/D/An3/An3_sem1_exerc/SSC/SSC_proiect/Wallace_Tree_16/Wallace_Tree_16.srcs/sources_1/new/wallace16.vhd:200]
INFO: [Synth 8-3491] module 'full_adder' declared at 'C:/D/An3/An3_sem1_exerc/SSC/SSC_proiect/Wallace_Tree_16/Wallace_Tree_16.srcs/sources_1/new/full_adder.vhd:7' bound to instance 'F3_08' of component 'full_adder' [C:/D/An3/An3_sem1_exerc/SSC/SSC_proiect/Wallace_Tree_16/Wallace_Tree_16.srcs/sources_1/new/wallace16.vhd:201]
INFO: [Synth 8-3491] module 'full_adder' declared at 'C:/D/An3/An3_sem1_exerc/SSC/SSC_proiect/Wallace_Tree_16/Wallace_Tree_16.srcs/sources_1/new/full_adder.vhd:7' bound to instance 'F3_09' of component 'full_adder' [C:/D/An3/An3_sem1_exerc/SSC/SSC_proiect/Wallace_Tree_16/Wallace_Tree_16.srcs/sources_1/new/wallace16.vhd:202]
INFO: [Synth 8-3491] module 'full_adder' declared at 'C:/D/An3/An3_sem1_exerc/SSC/SSC_proiect/Wallace_Tree_16/Wallace_Tree_16.srcs/sources_1/new/full_adder.vhd:7' bound to instance 'F3_10' of component 'full_adder' [C:/D/An3/An3_sem1_exerc/SSC/SSC_proiect/Wallace_Tree_16/Wallace_Tree_16.srcs/sources_1/new/wallace16.vhd:203]
INFO: [Synth 8-3491] module 'full_adder' declared at 'C:/D/An3/An3_sem1_exerc/SSC/SSC_proiect/Wallace_Tree_16/Wallace_Tree_16.srcs/sources_1/new/full_adder.vhd:7' bound to instance 'F3_11' of component 'full_adder' [C:/D/An3/An3_sem1_exerc/SSC/SSC_proiect/Wallace_Tree_16/Wallace_Tree_16.srcs/sources_1/new/wallace16.vhd:204]
INFO: [Synth 8-3491] module 'full_adder' declared at 'C:/D/An3/An3_sem1_exerc/SSC/SSC_proiect/Wallace_Tree_16/Wallace_Tree_16.srcs/sources_1/new/full_adder.vhd:7' bound to instance 'F3_12' of component 'full_adder' [C:/D/An3/An3_sem1_exerc/SSC/SSC_proiect/Wallace_Tree_16/Wallace_Tree_16.srcs/sources_1/new/wallace16.vhd:205]
INFO: [Synth 8-3491] module 'full_adder' declared at 'C:/D/An3/An3_sem1_exerc/SSC/SSC_proiect/Wallace_Tree_16/Wallace_Tree_16.srcs/sources_1/new/full_adder.vhd:7' bound to instance 'F3_13' of component 'full_adder' [C:/D/An3/An3_sem1_exerc/SSC/SSC_proiect/Wallace_Tree_16/Wallace_Tree_16.srcs/sources_1/new/wallace16.vhd:206]
INFO: [Synth 8-3491] module 'full_adder' declared at 'C:/D/An3/An3_sem1_exerc/SSC/SSC_proiect/Wallace_Tree_16/Wallace_Tree_16.srcs/sources_1/new/full_adder.vhd:7' bound to instance 'F3_14' of component 'full_adder' [C:/D/An3/An3_sem1_exerc/SSC/SSC_proiect/Wallace_Tree_16/Wallace_Tree_16.srcs/sources_1/new/wallace16.vhd:207]
INFO: [Synth 8-3491] module 'full_adder' declared at 'C:/D/An3/An3_sem1_exerc/SSC/SSC_proiect/Wallace_Tree_16/Wallace_Tree_16.srcs/sources_1/new/full_adder.vhd:7' bound to instance 'F3_15' of component 'full_adder' [C:/D/An3/An3_sem1_exerc/SSC/SSC_proiect/Wallace_Tree_16/Wallace_Tree_16.srcs/sources_1/new/wallace16.vhd:208]
INFO: [Synth 8-3491] module 'full_adder' declared at 'C:/D/An3/An3_sem1_exerc/SSC/SSC_proiect/Wallace_Tree_16/Wallace_Tree_16.srcs/sources_1/new/full_adder.vhd:7' bound to instance 'F4_01' of component 'full_adder' [C:/D/An3/An3_sem1_exerc/SSC/SSC_proiect/Wallace_Tree_16/Wallace_Tree_16.srcs/sources_1/new/wallace16.vhd:216]
INFO: [Synth 8-3491] module 'full_adder' declared at 'C:/D/An3/An3_sem1_exerc/SSC/SSC_proiect/Wallace_Tree_16/Wallace_Tree_16.srcs/sources_1/new/full_adder.vhd:7' bound to instance 'F4_02' of component 'full_adder' [C:/D/An3/An3_sem1_exerc/SSC/SSC_proiect/Wallace_Tree_16/Wallace_Tree_16.srcs/sources_1/new/wallace16.vhd:217]
INFO: [Synth 8-3491] module 'full_adder' declared at 'C:/D/An3/An3_sem1_exerc/SSC/SSC_proiect/Wallace_Tree_16/Wallace_Tree_16.srcs/sources_1/new/full_adder.vhd:7' bound to instance 'F4_03' of component 'full_adder' [C:/D/An3/An3_sem1_exerc/SSC/SSC_proiect/Wallace_Tree_16/Wallace_Tree_16.srcs/sources_1/new/wallace16.vhd:218]
INFO: [Synth 8-3491] module 'full_adder' declared at 'C:/D/An3/An3_sem1_exerc/SSC/SSC_proiect/Wallace_Tree_16/Wallace_Tree_16.srcs/sources_1/new/full_adder.vhd:7' bound to instance 'F4_04' of component 'full_adder' [C:/D/An3/An3_sem1_exerc/SSC/SSC_proiect/Wallace_Tree_16/Wallace_Tree_16.srcs/sources_1/new/wallace16.vhd:219]
INFO: [Synth 8-3491] module 'full_adder' declared at 'C:/D/An3/An3_sem1_exerc/SSC/SSC_proiect/Wallace_Tree_16/Wallace_Tree_16.srcs/sources_1/new/full_adder.vhd:7' bound to instance 'F4_05' of component 'full_adder' [C:/D/An3/An3_sem1_exerc/SSC/SSC_proiect/Wallace_Tree_16/Wallace_Tree_16.srcs/sources_1/new/wallace16.vhd:220]
INFO: [Synth 8-3491] module 'full_adder' declared at 'C:/D/An3/An3_sem1_exerc/SSC/SSC_proiect/Wallace_Tree_16/Wallace_Tree_16.srcs/sources_1/new/full_adder.vhd:7' bound to instance 'F4_06' of component 'full_adder' [C:/D/An3/An3_sem1_exerc/SSC/SSC_proiect/Wallace_Tree_16/Wallace_Tree_16.srcs/sources_1/new/wallace16.vhd:221]
INFO: [Synth 8-3491] module 'full_adder' declared at 'C:/D/An3/An3_sem1_exerc/SSC/SSC_proiect/Wallace_Tree_16/Wallace_Tree_16.srcs/sources_1/new/full_adder.vhd:7' bound to instance 'F4_07' of component 'full_adder' [C:/D/An3/An3_sem1_exerc/SSC/SSC_proiect/Wallace_Tree_16/Wallace_Tree_16.srcs/sources_1/new/wallace16.vhd:222]
INFO: [Synth 8-3491] module 'full_adder' declared at 'C:/D/An3/An3_sem1_exerc/SSC/SSC_proiect/Wallace_Tree_16/Wallace_Tree_16.srcs/sources_1/new/full_adder.vhd:7' bound to instance 'F4_08' of component 'full_adder' [C:/D/An3/An3_sem1_exerc/SSC/SSC_proiect/Wallace_Tree_16/Wallace_Tree_16.srcs/sources_1/new/wallace16.vhd:223]
INFO: [Synth 8-3491] module 'full_adder' declared at 'C:/D/An3/An3_sem1_exerc/SSC/SSC_proiect/Wallace_Tree_16/Wallace_Tree_16.srcs/sources_1/new/full_adder.vhd:7' bound to instance 'F4_09' of component 'full_adder' [C:/D/An3/An3_sem1_exerc/SSC/SSC_proiect/Wallace_Tree_16/Wallace_Tree_16.srcs/sources_1/new/wallace16.vhd:224]
INFO: [Synth 8-3491] module 'full_adder' declared at 'C:/D/An3/An3_sem1_exerc/SSC/SSC_proiect/Wallace_Tree_16/Wallace_Tree_16.srcs/sources_1/new/full_adder.vhd:7' bound to instance 'F4_10' of component 'full_adder' [C:/D/An3/An3_sem1_exerc/SSC/SSC_proiect/Wallace_Tree_16/Wallace_Tree_16.srcs/sources_1/new/wallace16.vhd:225]
INFO: [Synth 8-3491] module 'full_adder' declared at 'C:/D/An3/An3_sem1_exerc/SSC/SSC_proiect/Wallace_Tree_16/Wallace_Tree_16.srcs/sources_1/new/full_adder.vhd:7' bound to instance 'F4_11' of component 'full_adder' [C:/D/An3/An3_sem1_exerc/SSC/SSC_proiect/Wallace_Tree_16/Wallace_Tree_16.srcs/sources_1/new/wallace16.vhd:226]
INFO: [Synth 8-3491] module 'full_adder' declared at 'C:/D/An3/An3_sem1_exerc/SSC/SSC_proiect/Wallace_Tree_16/Wallace_Tree_16.srcs/sources_1/new/full_adder.vhd:7' bound to instance 'F4_12' of component 'full_adder' [C:/D/An3/An3_sem1_exerc/SSC/SSC_proiect/Wallace_Tree_16/Wallace_Tree_16.srcs/sources_1/new/wallace16.vhd:227]
INFO: [Synth 8-3491] module 'full_adder' declared at 'C:/D/An3/An3_sem1_exerc/SSC/SSC_proiect/Wallace_Tree_16/Wallace_Tree_16.srcs/sources_1/new/full_adder.vhd:7' bound to instance 'F4_13' of component 'full_adder' [C:/D/An3/An3_sem1_exerc/SSC/SSC_proiect/Wallace_Tree_16/Wallace_Tree_16.srcs/sources_1/new/wallace16.vhd:228]
INFO: [Synth 8-3491] module 'full_adder' declared at 'C:/D/An3/An3_sem1_exerc/SSC/SSC_proiect/Wallace_Tree_16/Wallace_Tree_16.srcs/sources_1/new/full_adder.vhd:7' bound to instance 'F4_14' of component 'full_adder' [C:/D/An3/An3_sem1_exerc/SSC/SSC_proiect/Wallace_Tree_16/Wallace_Tree_16.srcs/sources_1/new/wallace16.vhd:229]
INFO: [Synth 8-3491] module 'full_adder' declared at 'C:/D/An3/An3_sem1_exerc/SSC/SSC_proiect/Wallace_Tree_16/Wallace_Tree_16.srcs/sources_1/new/full_adder.vhd:7' bound to instance 'F4_15' of component 'full_adder' [C:/D/An3/An3_sem1_exerc/SSC/SSC_proiect/Wallace_Tree_16/Wallace_Tree_16.srcs/sources_1/new/wallace16.vhd:230]
INFO: [Synth 8-3491] module 'full_adder' declared at 'C:/D/An3/An3_sem1_exerc/SSC/SSC_proiect/Wallace_Tree_16/Wallace_Tree_16.srcs/sources_1/new/full_adder.vhd:7' bound to instance 'F5_01' of component 'full_adder' [C:/D/An3/An3_sem1_exerc/SSC/SSC_proiect/Wallace_Tree_16/Wallace_Tree_16.srcs/sources_1/new/wallace16.vhd:238]
INFO: [Synth 8-3491] module 'full_adder' declared at 'C:/D/An3/An3_sem1_exerc/SSC/SSC_proiect/Wallace_Tree_16/Wallace_Tree_16.srcs/sources_1/new/full_adder.vhd:7' bound to instance 'F5_02' of component 'full_adder' [C:/D/An3/An3_sem1_exerc/SSC/SSC_proiect/Wallace_Tree_16/Wallace_Tree_16.srcs/sources_1/new/wallace16.vhd:239]
INFO: [Synth 8-3491] module 'full_adder' declared at 'C:/D/An3/An3_sem1_exerc/SSC/SSC_proiect/Wallace_Tree_16/Wallace_Tree_16.srcs/sources_1/new/full_adder.vhd:7' bound to instance 'F5_03' of component 'full_adder' [C:/D/An3/An3_sem1_exerc/SSC/SSC_proiect/Wallace_Tree_16/Wallace_Tree_16.srcs/sources_1/new/wallace16.vhd:240]
INFO: [Synth 8-3491] module 'full_adder' declared at 'C:/D/An3/An3_sem1_exerc/SSC/SSC_proiect/Wallace_Tree_16/Wallace_Tree_16.srcs/sources_1/new/full_adder.vhd:7' bound to instance 'F5_04' of component 'full_adder' [C:/D/An3/An3_sem1_exerc/SSC/SSC_proiect/Wallace_Tree_16/Wallace_Tree_16.srcs/sources_1/new/wallace16.vhd:241]
INFO: [Synth 8-3491] module 'full_adder' declared at 'C:/D/An3/An3_sem1_exerc/SSC/SSC_proiect/Wallace_Tree_16/Wallace_Tree_16.srcs/sources_1/new/full_adder.vhd:7' bound to instance 'F5_05' of component 'full_adder' [C:/D/An3/An3_sem1_exerc/SSC/SSC_proiect/Wallace_Tree_16/Wallace_Tree_16.srcs/sources_1/new/wallace16.vhd:242]
INFO: [Synth 8-3491] module 'full_adder' declared at 'C:/D/An3/An3_sem1_exerc/SSC/SSC_proiect/Wallace_Tree_16/Wallace_Tree_16.srcs/sources_1/new/full_adder.vhd:7' bound to instance 'F5_06' of component 'full_adder' [C:/D/An3/An3_sem1_exerc/SSC/SSC_proiect/Wallace_Tree_16/Wallace_Tree_16.srcs/sources_1/new/wallace16.vhd:243]
INFO: [Synth 8-3491] module 'full_adder' declared at 'C:/D/An3/An3_sem1_exerc/SSC/SSC_proiect/Wallace_Tree_16/Wallace_Tree_16.srcs/sources_1/new/full_adder.vhd:7' bound to instance 'F5_07' of component 'full_adder' [C:/D/An3/An3_sem1_exerc/SSC/SSC_proiect/Wallace_Tree_16/Wallace_Tree_16.srcs/sources_1/new/wallace16.vhd:244]
INFO: [Synth 8-3491] module 'full_adder' declared at 'C:/D/An3/An3_sem1_exerc/SSC/SSC_proiect/Wallace_Tree_16/Wallace_Tree_16.srcs/sources_1/new/full_adder.vhd:7' bound to instance 'F5_08' of component 'full_adder' [C:/D/An3/An3_sem1_exerc/SSC/SSC_proiect/Wallace_Tree_16/Wallace_Tree_16.srcs/sources_1/new/wallace16.vhd:245]
INFO: [Synth 8-3491] module 'full_adder' declared at 'C:/D/An3/An3_sem1_exerc/SSC/SSC_proiect/Wallace_Tree_16/Wallace_Tree_16.srcs/sources_1/new/full_adder.vhd:7' bound to instance 'F5_09' of component 'full_adder' [C:/D/An3/An3_sem1_exerc/SSC/SSC_proiect/Wallace_Tree_16/Wallace_Tree_16.srcs/sources_1/new/wallace16.vhd:246]
INFO: [Synth 8-3491] module 'full_adder' declared at 'C:/D/An3/An3_sem1_exerc/SSC/SSC_proiect/Wallace_Tree_16/Wallace_Tree_16.srcs/sources_1/new/full_adder.vhd:7' bound to instance 'F5_10' of component 'full_adder' [C:/D/An3/An3_sem1_exerc/SSC/SSC_proiect/Wallace_Tree_16/Wallace_Tree_16.srcs/sources_1/new/wallace16.vhd:247]
INFO: [Synth 8-3491] module 'full_adder' declared at 'C:/D/An3/An3_sem1_exerc/SSC/SSC_proiect/Wallace_Tree_16/Wallace_Tree_16.srcs/sources_1/new/full_adder.vhd:7' bound to instance 'F5_11' of component 'full_adder' [C:/D/An3/An3_sem1_exerc/SSC/SSC_proiect/Wallace_Tree_16/Wallace_Tree_16.srcs/sources_1/new/wallace16.vhd:248]
INFO: [Synth 8-3491] module 'full_adder' declared at 'C:/D/An3/An3_sem1_exerc/SSC/SSC_proiect/Wallace_Tree_16/Wallace_Tree_16.srcs/sources_1/new/full_adder.vhd:7' bound to instance 'F5_12' of component 'full_adder' [C:/D/An3/An3_sem1_exerc/SSC/SSC_proiect/Wallace_Tree_16/Wallace_Tree_16.srcs/sources_1/new/wallace16.vhd:249]
INFO: [Synth 8-3491] module 'full_adder' declared at 'C:/D/An3/An3_sem1_exerc/SSC/SSC_proiect/Wallace_Tree_16/Wallace_Tree_16.srcs/sources_1/new/full_adder.vhd:7' bound to instance 'F5_13' of component 'full_adder' [C:/D/An3/An3_sem1_exerc/SSC/SSC_proiect/Wallace_Tree_16/Wallace_Tree_16.srcs/sources_1/new/wallace16.vhd:250]
INFO: [Synth 8-3491] module 'full_adder' declared at 'C:/D/An3/An3_sem1_exerc/SSC/SSC_proiect/Wallace_Tree_16/Wallace_Tree_16.srcs/sources_1/new/full_adder.vhd:7' bound to instance 'F5_14' of component 'full_adder' [C:/D/An3/An3_sem1_exerc/SSC/SSC_proiect/Wallace_Tree_16/Wallace_Tree_16.srcs/sources_1/new/wallace16.vhd:251]
INFO: [Synth 8-3491] module 'full_adder' declared at 'C:/D/An3/An3_sem1_exerc/SSC/SSC_proiect/Wallace_Tree_16/Wallace_Tree_16.srcs/sources_1/new/full_adder.vhd:7' bound to instance 'F5_15' of component 'full_adder' [C:/D/An3/An3_sem1_exerc/SSC/SSC_proiect/Wallace_Tree_16/Wallace_Tree_16.srcs/sources_1/new/wallace16.vhd:252]
INFO: [Synth 8-3491] module 'full_adder' declared at 'C:/D/An3/An3_sem1_exerc/SSC/SSC_proiect/Wallace_Tree_16/Wallace_Tree_16.srcs/sources_1/new/full_adder.vhd:7' bound to instance 'F6_01' of component 'full_adder' [C:/D/An3/An3_sem1_exerc/SSC/SSC_proiect/Wallace_Tree_16/Wallace_Tree_16.srcs/sources_1/new/wallace16.vhd:260]
INFO: [Synth 8-3491] module 'full_adder' declared at 'C:/D/An3/An3_sem1_exerc/SSC/SSC_proiect/Wallace_Tree_16/Wallace_Tree_16.srcs/sources_1/new/full_adder.vhd:7' bound to instance 'F6_02' of component 'full_adder' [C:/D/An3/An3_sem1_exerc/SSC/SSC_proiect/Wallace_Tree_16/Wallace_Tree_16.srcs/sources_1/new/wallace16.vhd:261]
INFO: [Synth 8-3491] module 'full_adder' declared at 'C:/D/An3/An3_sem1_exerc/SSC/SSC_proiect/Wallace_Tree_16/Wallace_Tree_16.srcs/sources_1/new/full_adder.vhd:7' bound to instance 'F6_03' of component 'full_adder' [C:/D/An3/An3_sem1_exerc/SSC/SSC_proiect/Wallace_Tree_16/Wallace_Tree_16.srcs/sources_1/new/wallace16.vhd:262]
INFO: [Synth 8-3491] module 'full_adder' declared at 'C:/D/An3/An3_sem1_exerc/SSC/SSC_proiect/Wallace_Tree_16/Wallace_Tree_16.srcs/sources_1/new/full_adder.vhd:7' bound to instance 'F6_04' of component 'full_adder' [C:/D/An3/An3_sem1_exerc/SSC/SSC_proiect/Wallace_Tree_16/Wallace_Tree_16.srcs/sources_1/new/wallace16.vhd:263]
INFO: [Synth 8-3491] module 'full_adder' declared at 'C:/D/An3/An3_sem1_exerc/SSC/SSC_proiect/Wallace_Tree_16/Wallace_Tree_16.srcs/sources_1/new/full_adder.vhd:7' bound to instance 'F6_05' of component 'full_adder' [C:/D/An3/An3_sem1_exerc/SSC/SSC_proiect/Wallace_Tree_16/Wallace_Tree_16.srcs/sources_1/new/wallace16.vhd:264]
INFO: [Synth 8-3491] module 'full_adder' declared at 'C:/D/An3/An3_sem1_exerc/SSC/SSC_proiect/Wallace_Tree_16/Wallace_Tree_16.srcs/sources_1/new/full_adder.vhd:7' bound to instance 'F6_06' of component 'full_adder' [C:/D/An3/An3_sem1_exerc/SSC/SSC_proiect/Wallace_Tree_16/Wallace_Tree_16.srcs/sources_1/new/wallace16.vhd:265]
INFO: [Synth 8-3491] module 'full_adder' declared at 'C:/D/An3/An3_sem1_exerc/SSC/SSC_proiect/Wallace_Tree_16/Wallace_Tree_16.srcs/sources_1/new/full_adder.vhd:7' bound to instance 'F6_07' of component 'full_adder' [C:/D/An3/An3_sem1_exerc/SSC/SSC_proiect/Wallace_Tree_16/Wallace_Tree_16.srcs/sources_1/new/wallace16.vhd:266]
INFO: [Synth 8-3491] module 'full_adder' declared at 'C:/D/An3/An3_sem1_exerc/SSC/SSC_proiect/Wallace_Tree_16/Wallace_Tree_16.srcs/sources_1/new/full_adder.vhd:7' bound to instance 'F6_08' of component 'full_adder' [C:/D/An3/An3_sem1_exerc/SSC/SSC_proiect/Wallace_Tree_16/Wallace_Tree_16.srcs/sources_1/new/wallace16.vhd:267]
INFO: [Synth 8-3491] module 'full_adder' declared at 'C:/D/An3/An3_sem1_exerc/SSC/SSC_proiect/Wallace_Tree_16/Wallace_Tree_16.srcs/sources_1/new/full_adder.vhd:7' bound to instance 'F6_09' of component 'full_adder' [C:/D/An3/An3_sem1_exerc/SSC/SSC_proiect/Wallace_Tree_16/Wallace_Tree_16.srcs/sources_1/new/wallace16.vhd:268]
INFO: [Synth 8-3491] module 'full_adder' declared at 'C:/D/An3/An3_sem1_exerc/SSC/SSC_proiect/Wallace_Tree_16/Wallace_Tree_16.srcs/sources_1/new/full_adder.vhd:7' bound to instance 'F6_10' of component 'full_adder' [C:/D/An3/An3_sem1_exerc/SSC/SSC_proiect/Wallace_Tree_16/Wallace_Tree_16.srcs/sources_1/new/wallace16.vhd:269]
INFO: [Synth 8-3491] module 'full_adder' declared at 'C:/D/An3/An3_sem1_exerc/SSC/SSC_proiect/Wallace_Tree_16/Wallace_Tree_16.srcs/sources_1/new/full_adder.vhd:7' bound to instance 'F6_11' of component 'full_adder' [C:/D/An3/An3_sem1_exerc/SSC/SSC_proiect/Wallace_Tree_16/Wallace_Tree_16.srcs/sources_1/new/wallace16.vhd:270]
INFO: [Synth 8-3491] module 'full_adder' declared at 'C:/D/An3/An3_sem1_exerc/SSC/SSC_proiect/Wallace_Tree_16/Wallace_Tree_16.srcs/sources_1/new/full_adder.vhd:7' bound to instance 'F6_12' of component 'full_adder' [C:/D/An3/An3_sem1_exerc/SSC/SSC_proiect/Wallace_Tree_16/Wallace_Tree_16.srcs/sources_1/new/wallace16.vhd:271]
INFO: [Synth 8-3491] module 'full_adder' declared at 'C:/D/An3/An3_sem1_exerc/SSC/SSC_proiect/Wallace_Tree_16/Wallace_Tree_16.srcs/sources_1/new/full_adder.vhd:7' bound to instance 'F6_13' of component 'full_adder' [C:/D/An3/An3_sem1_exerc/SSC/SSC_proiect/Wallace_Tree_16/Wallace_Tree_16.srcs/sources_1/new/wallace16.vhd:272]
INFO: [Synth 8-3491] module 'full_adder' declared at 'C:/D/An3/An3_sem1_exerc/SSC/SSC_proiect/Wallace_Tree_16/Wallace_Tree_16.srcs/sources_1/new/full_adder.vhd:7' bound to instance 'F6_14' of component 'full_adder' [C:/D/An3/An3_sem1_exerc/SSC/SSC_proiect/Wallace_Tree_16/Wallace_Tree_16.srcs/sources_1/new/wallace16.vhd:273]
INFO: [Synth 8-3491] module 'full_adder' declared at 'C:/D/An3/An3_sem1_exerc/SSC/SSC_proiect/Wallace_Tree_16/Wallace_Tree_16.srcs/sources_1/new/full_adder.vhd:7' bound to instance 'F6_15' of component 'full_adder' [C:/D/An3/An3_sem1_exerc/SSC/SSC_proiect/Wallace_Tree_16/Wallace_Tree_16.srcs/sources_1/new/wallace16.vhd:274]
INFO: [Synth 8-3491] module 'full_adder' declared at 'C:/D/An3/An3_sem1_exerc/SSC/SSC_proiect/Wallace_Tree_16/Wallace_Tree_16.srcs/sources_1/new/full_adder.vhd:7' bound to instance 'F7_01' of component 'full_adder' [C:/D/An3/An3_sem1_exerc/SSC/SSC_proiect/Wallace_Tree_16/Wallace_Tree_16.srcs/sources_1/new/wallace16.vhd:282]
INFO: [Synth 8-3491] module 'full_adder' declared at 'C:/D/An3/An3_sem1_exerc/SSC/SSC_proiect/Wallace_Tree_16/Wallace_Tree_16.srcs/sources_1/new/full_adder.vhd:7' bound to instance 'F7_02' of component 'full_adder' [C:/D/An3/An3_sem1_exerc/SSC/SSC_proiect/Wallace_Tree_16/Wallace_Tree_16.srcs/sources_1/new/wallace16.vhd:283]
INFO: [Synth 8-3491] module 'full_adder' declared at 'C:/D/An3/An3_sem1_exerc/SSC/SSC_proiect/Wallace_Tree_16/Wallace_Tree_16.srcs/sources_1/new/full_adder.vhd:7' bound to instance 'F7_03' of component 'full_adder' [C:/D/An3/An3_sem1_exerc/SSC/SSC_proiect/Wallace_Tree_16/Wallace_Tree_16.srcs/sources_1/new/wallace16.vhd:284]
INFO: [Synth 8-3491] module 'full_adder' declared at 'C:/D/An3/An3_sem1_exerc/SSC/SSC_proiect/Wallace_Tree_16/Wallace_Tree_16.srcs/sources_1/new/full_adder.vhd:7' bound to instance 'F7_04' of component 'full_adder' [C:/D/An3/An3_sem1_exerc/SSC/SSC_proiect/Wallace_Tree_16/Wallace_Tree_16.srcs/sources_1/new/wallace16.vhd:285]
INFO: [Synth 8-3491] module 'full_adder' declared at 'C:/D/An3/An3_sem1_exerc/SSC/SSC_proiect/Wallace_Tree_16/Wallace_Tree_16.srcs/sources_1/new/full_adder.vhd:7' bound to instance 'F7_05' of component 'full_adder' [C:/D/An3/An3_sem1_exerc/SSC/SSC_proiect/Wallace_Tree_16/Wallace_Tree_16.srcs/sources_1/new/wallace16.vhd:286]
INFO: [Synth 8-3491] module 'full_adder' declared at 'C:/D/An3/An3_sem1_exerc/SSC/SSC_proiect/Wallace_Tree_16/Wallace_Tree_16.srcs/sources_1/new/full_adder.vhd:7' bound to instance 'F7_06' of component 'full_adder' [C:/D/An3/An3_sem1_exerc/SSC/SSC_proiect/Wallace_Tree_16/Wallace_Tree_16.srcs/sources_1/new/wallace16.vhd:287]
INFO: [Synth 8-3491] module 'full_adder' declared at 'C:/D/An3/An3_sem1_exerc/SSC/SSC_proiect/Wallace_Tree_16/Wallace_Tree_16.srcs/sources_1/new/full_adder.vhd:7' bound to instance 'F7_07' of component 'full_adder' [C:/D/An3/An3_sem1_exerc/SSC/SSC_proiect/Wallace_Tree_16/Wallace_Tree_16.srcs/sources_1/new/wallace16.vhd:288]
INFO: [Synth 8-3491] module 'full_adder' declared at 'C:/D/An3/An3_sem1_exerc/SSC/SSC_proiect/Wallace_Tree_16/Wallace_Tree_16.srcs/sources_1/new/full_adder.vhd:7' bound to instance 'F7_08' of component 'full_adder' [C:/D/An3/An3_sem1_exerc/SSC/SSC_proiect/Wallace_Tree_16/Wallace_Tree_16.srcs/sources_1/new/wallace16.vhd:289]
INFO: [Synth 8-3491] module 'full_adder' declared at 'C:/D/An3/An3_sem1_exerc/SSC/SSC_proiect/Wallace_Tree_16/Wallace_Tree_16.srcs/sources_1/new/full_adder.vhd:7' bound to instance 'F7_09' of component 'full_adder' [C:/D/An3/An3_sem1_exerc/SSC/SSC_proiect/Wallace_Tree_16/Wallace_Tree_16.srcs/sources_1/new/wallace16.vhd:290]
INFO: [Common 17-14] Message 'Synth 8-3491' appears 100 times and further instances of the messages will be disabled. Use the Tcl command set_msg_config to change the current settings.
INFO: [Synth 8-256] done synthesizing module 'wallace16' (2#1) [C:/D/An3/An3_sem1_exerc/SSC/SSC_proiect/Wallace_Tree_16/Wallace_Tree_16.srcs/sources_1/new/wallace16.vhd:15]
WARNING: [Synth 8-312] ignoring unsynthesizable construct: wait statement with no conditon [C:/D/An3/An3_sem1_exerc/SSC/SSC_proiect/Wallace_Tree_16/Wallace_Tree_16.srcs/sources_1/new/wallace16_tb.vhd:39]
WARNING: [Synth 8-312] ignoring unsynthesizable construct: wait statement with no conditon [C:/D/An3/An3_sem1_exerc/SSC/SSC_proiect/Wallace_Tree_16/Wallace_Tree_16.srcs/sources_1/new/wallace16_tb.vhd:39]
WARNING: [Synth 8-312] ignoring unsynthesizable construct: wait statement with no conditon [C:/D/An3/An3_sem1_exerc/SSC/SSC_proiect/Wallace_Tree_16/Wallace_Tree_16.srcs/sources_1/new/wallace16_tb.vhd:39]
WARNING: [Synth 8-312] ignoring unsynthesizable construct: wait statement with no conditon [C:/D/An3/An3_sem1_exerc/SSC/SSC_proiect/Wallace_Tree_16/Wallace_Tree_16.srcs/sources_1/new/wallace16_tb.vhd:39]
WARNING: [Synth 8-312] ignoring unsynthesizable construct: wait statement with no conditon [C:/D/An3/An3_sem1_exerc/SSC/SSC_proiect/Wallace_Tree_16/Wallace_Tree_16.srcs/sources_1/new/wallace16_tb.vhd:39]
WARNING: [Synth 8-312] ignoring unsynthesizable construct: wait statement with no conditon [C:/D/An3/An3_sem1_exerc/SSC/SSC_proiect/Wallace_Tree_16/Wallace_Tree_16.srcs/sources_1/new/wallace16_tb.vhd:39]
WARNING: [Synth 8-312] ignoring unsynthesizable construct: wait statement with no conditon [C:/D/An3/An3_sem1_exerc/SSC/SSC_proiect/Wallace_Tree_16/Wallace_Tree_16.srcs/sources_1/new/wallace16_tb.vhd:39]
WARNING: [Synth 8-312] ignoring unsynthesizable construct: wait statement with no conditon [C:/D/An3/An3_sem1_exerc/SSC/SSC_proiect/Wallace_Tree_16/Wallace_Tree_16.srcs/sources_1/new/wallace16_tb.vhd:39]
WARNING: [Synth 8-312] ignoring unsynthesizable construct: wait statement with no conditon [C:/D/An3/An3_sem1_exerc/SSC/SSC_proiect/Wallace_Tree_16/Wallace_Tree_16.srcs/sources_1/new/wallace16_tb.vhd:39]
WARNING: [Synth 8-312] ignoring unsynthesizable construct: wait statement with no conditon [C:/D/An3/An3_sem1_exerc/SSC/SSC_proiect/Wallace_Tree_16/Wallace_Tree_16.srcs/sources_1/new/wallace16_tb.vhd:39]
WARNING: [Synth 8-312] ignoring unsynthesizable construct: wait statement with no conditon [C:/D/An3/An3_sem1_exerc/SSC/SSC_proiect/Wallace_Tree_16/Wallace_Tree_16.srcs/sources_1/new/wallace16_tb.vhd:39]
WARNING: [Synth 8-312] ignoring unsynthesizable construct: wait statement with no conditon [C:/D/An3/An3_sem1_exerc/SSC/SSC_proiect/Wallace_Tree_16/Wallace_Tree_16.srcs/sources_1/new/wallace16_tb.vhd:39]
WARNING: [Synth 8-312] ignoring unsynthesizable construct: wait statement with no conditon [C:/D/An3/An3_sem1_exerc/SSC/SSC_proiect/Wallace_Tree_16/Wallace_Tree_16.srcs/sources_1/new/wallace16_tb.vhd:39]
WARNING: [Synth 8-312] ignoring unsynthesizable construct: wait statement with no conditon [C:/D/An3/An3_sem1_exerc/SSC/SSC_proiect/Wallace_Tree_16/Wallace_Tree_16.srcs/sources_1/new/wallace16_tb.vhd:39]
WARNING: [Synth 8-312] ignoring unsynthesizable construct: wait statement with no conditon [C:/D/An3/An3_sem1_exerc/SSC/SSC_proiect/Wallace_Tree_16/Wallace_Tree_16.srcs/sources_1/new/wallace16_tb.vhd:39]
WARNING: [Synth 8-312] ignoring unsynthesizable construct: wait statement with no conditon [C:/D/An3/An3_sem1_exerc/SSC/SSC_proiect/Wallace_Tree_16/Wallace_Tree_16.srcs/sources_1/new/wallace16_tb.vhd:39]
WARNING: [Synth 8-312] ignoring unsynthesizable construct: wait statement with no conditon [C:/D/An3/An3_sem1_exerc/SSC/SSC_proiect/Wallace_Tree_16/Wallace_Tree_16.srcs/sources_1/new/wallace16_tb.vhd:39]
WARNING: [Synth 8-312] ignoring unsynthesizable construct: wait statement with no conditon [C:/D/An3/An3_sem1_exerc/SSC/SSC_proiect/Wallace_Tree_16/Wallace_Tree_16.srcs/sources_1/new/wallace16_tb.vhd:39]
WARNING: [Synth 8-312] ignoring unsynthesizable construct: wait statement with no conditon [C:/D/An3/An3_sem1_exerc/SSC/SSC_proiect/Wallace_Tree_16/Wallace_Tree_16.srcs/sources_1/new/wallace16_tb.vhd:39]
WARNING: [Synth 8-312] ignoring unsynthesizable construct: wait statement with no conditon [C:/D/An3/An3_sem1_exerc/SSC/SSC_proiect/Wallace_Tree_16/Wallace_Tree_16.srcs/sources_1/new/wallace16_tb.vhd:39]
WARNING: [Synth 8-312] ignoring unsynthesizable construct: wait statement with no conditon [C:/D/An3/An3_sem1_exerc/SSC/SSC_proiect/Wallace_Tree_16/Wallace_Tree_16.srcs/sources_1/new/wallace16_tb.vhd:39]
WARNING: [Synth 8-312] ignoring unsynthesizable construct: wait statement with no conditon [C:/D/An3/An3_sem1_exerc/SSC/SSC_proiect/Wallace_Tree_16/Wallace_Tree_16.srcs/sources_1/new/wallace16_tb.vhd:39]
WARNING: [Synth 8-312] ignoring unsynthesizable construct: wait statement with no conditon [C:/D/An3/An3_sem1_exerc/SSC/SSC_proiect/Wallace_Tree_16/Wallace_Tree_16.srcs/sources_1/new/wallace16_tb.vhd:39]
WARNING: [Synth 8-312] ignoring unsynthesizable construct: wait statement with no conditon [C:/D/An3/An3_sem1_exerc/SSC/SSC_proiect/Wallace_Tree_16/Wallace_Tree_16.srcs/sources_1/new/wallace16_tb.vhd:39]
WARNING: [Synth 8-312] ignoring unsynthesizable construct: wait statement with no conditon [C:/D/An3/An3_sem1_exerc/SSC/SSC_proiect/Wallace_Tree_16/Wallace_Tree_16.srcs/sources_1/new/wallace16_tb.vhd:39]
WARNING: [Synth 8-312] ignoring unsynthesizable construct: wait statement with no conditon [C:/D/An3/An3_sem1_exerc/SSC/SSC_proiect/Wallace_Tree_16/Wallace_Tree_16.srcs/sources_1/new/wallace16_tb.vhd:39]
WARNING: [Synth 8-312] ignoring unsynthesizable construct: wait statement with no conditon [C:/D/An3/An3_sem1_exerc/SSC/SSC_proiect/Wallace_Tree_16/Wallace_Tree_16.srcs/sources_1/new/wallace16_tb.vhd:39]
WARNING: [Synth 8-312] ignoring unsynthesizable construct: wait statement with no conditon [C:/D/An3/An3_sem1_exerc/SSC/SSC_proiect/Wallace_Tree_16/Wallace_Tree_16.srcs/sources_1/new/wallace16_tb.vhd:39]
WARNING: [Synth 8-312] ignoring unsynthesizable construct: wait statement with no conditon [C:/D/An3/An3_sem1_exerc/SSC/SSC_proiect/Wallace_Tree_16/Wallace_Tree_16.srcs/sources_1/new/wallace16_tb.vhd:39]
WARNING: [Synth 8-312] ignoring unsynthesizable construct: wait statement with no conditon [C:/D/An3/An3_sem1_exerc/SSC/SSC_proiect/Wallace_Tree_16/Wallace_Tree_16.srcs/sources_1/new/wallace16_tb.vhd:39]
WARNING: [Synth 8-312] ignoring unsynthesizable construct: wait statement with no conditon [C:/D/An3/An3_sem1_exerc/SSC/SSC_proiect/Wallace_Tree_16/Wallace_Tree_16.srcs/sources_1/new/wallace16_tb.vhd:39]
WARNING: [Synth 8-312] ignoring unsynthesizable construct: wait statement with no conditon [C:/D/An3/An3_sem1_exerc/SSC/SSC_proiect/Wallace_Tree_16/Wallace_Tree_16.srcs/sources_1/new/wallace16_tb.vhd:39]
WARNING: [Synth 8-312] ignoring unsynthesizable construct: wait statement with no conditon [C:/D/An3/An3_sem1_exerc/SSC/SSC_proiect/Wallace_Tree_16/Wallace_Tree_16.srcs/sources_1/new/wallace16_tb.vhd:39]
WARNING: [Synth 8-312] ignoring unsynthesizable construct: wait statement with no conditon [C:/D/An3/An3_sem1_exerc/SSC/SSC_proiect/Wallace_Tree_16/Wallace_Tree_16.srcs/sources_1/new/wallace16_tb.vhd:39]
WARNING: [Synth 8-312] ignoring unsynthesizable construct: wait statement with no conditon [C:/D/An3/An3_sem1_exerc/SSC/SSC_proiect/Wallace_Tree_16/Wallace_Tree_16.srcs/sources_1/new/wallace16_tb.vhd:39]
WARNING: [Synth 8-312] ignoring unsynthesizable construct: wait statement with no conditon [C:/D/An3/An3_sem1_exerc/SSC/SSC_proiect/Wallace_Tree_16/Wallace_Tree_16.srcs/sources_1/new/wallace16_tb.vhd:39]
WARNING: [Synth 8-312] ignoring unsynthesizable construct: wait statement with no conditon [C:/D/An3/An3_sem1_exerc/SSC/SSC_proiect/Wallace_Tree_16/Wallace_Tree_16.srcs/sources_1/new/wallace16_tb.vhd:39]
WARNING: [Synth 8-312] ignoring unsynthesizable construct: wait statement with no conditon [C:/D/An3/An3_sem1_exerc/SSC/SSC_proiect/Wallace_Tree_16/Wallace_Tree_16.srcs/sources_1/new/wallace16_tb.vhd:39]
WARNING: [Synth 8-312] ignoring unsynthesizable construct: wait statement with no conditon [C:/D/An3/An3_sem1_exerc/SSC/SSC_proiect/Wallace_Tree_16/Wallace_Tree_16.srcs/sources_1/new/wallace16_tb.vhd:39]
WARNING: [Synth 8-312] ignoring unsynthesizable construct: wait statement with no conditon [C:/D/An3/An3_sem1_exerc/SSC/SSC_proiect/Wallace_Tree_16/Wallace_Tree_16.srcs/sources_1/new/wallace16_tb.vhd:39]
WARNING: [Synth 8-312] ignoring unsynthesizable construct: wait statement with no conditon [C:/D/An3/An3_sem1_exerc/SSC/SSC_proiect/Wallace_Tree_16/Wallace_Tree_16.srcs/sources_1/new/wallace16_tb.vhd:39]
WARNING: [Synth 8-312] ignoring unsynthesizable construct: wait statement with no conditon [C:/D/An3/An3_sem1_exerc/SSC/SSC_proiect/Wallace_Tree_16/Wallace_Tree_16.srcs/sources_1/new/wallace16_tb.vhd:39]
WARNING: [Synth 8-312] ignoring unsynthesizable construct: wait statement with no conditon [C:/D/An3/An3_sem1_exerc/SSC/SSC_proiect/Wallace_Tree_16/Wallace_Tree_16.srcs/sources_1/new/wallace16_tb.vhd:39]
WARNING: [Synth 8-312] ignoring unsynthesizable construct: wait statement with no conditon [C:/D/An3/An3_sem1_exerc/SSC/SSC_proiect/Wallace_Tree_16/Wallace_Tree_16.srcs/sources_1/new/wallace16_tb.vhd:39]
WARNING: [Synth 8-312] ignoring unsynthesizable construct: wait statement with no conditon [C:/D/An3/An3_sem1_exerc/SSC/SSC_proiect/Wallace_Tree_16/Wallace_Tree_16.srcs/sources_1/new/wallace16_tb.vhd:39]
WARNING: [Synth 8-312] ignoring unsynthesizable construct: wait statement with no conditon [C:/D/An3/An3_sem1_exerc/SSC/SSC_proiect/Wallace_Tree_16/Wallace_Tree_16.srcs/sources_1/new/wallace16_tb.vhd:39]
WARNING: [Synth 8-312] ignoring unsynthesizable construct: wait statement with no conditon [C:/D/An3/An3_sem1_exerc/SSC/SSC_proiect/Wallace_Tree_16/Wallace_Tree_16.srcs/sources_1/new/wallace16_tb.vhd:39]
WARNING: [Synth 8-312] ignoring unsynthesizable construct: wait statement with no conditon [C:/D/An3/An3_sem1_exerc/SSC/SSC_proiect/Wallace_Tree_16/Wallace_Tree_16.srcs/sources_1/new/wallace16_tb.vhd:39]
WARNING: [Synth 8-312] ignoring unsynthesizable construct: wait statement with no conditon [C:/D/An3/An3_sem1_exerc/SSC/SSC_proiect/Wallace_Tree_16/Wallace_Tree_16.srcs/sources_1/new/wallace16_tb.vhd:39]
WARNING: [Synth 8-312] ignoring unsynthesizable construct: wait statement with no conditon [C:/D/An3/An3_sem1_exerc/SSC/SSC_proiect/Wallace_Tree_16/Wallace_Tree_16.srcs/sources_1/new/wallace16_tb.vhd:39]
WARNING: [Synth 8-312] ignoring unsynthesizable construct: wait statement with no conditon [C:/D/An3/An3_sem1_exerc/SSC/SSC_proiect/Wallace_Tree_16/Wallace_Tree_16.srcs/sources_1/new/wallace16_tb.vhd:39]
WARNING: [Synth 8-312] ignoring unsynthesizable construct: wait statement with no conditon [C:/D/An3/An3_sem1_exerc/SSC/SSC_proiect/Wallace_Tree_16/Wallace_Tree_16.srcs/sources_1/new/wallace16_tb.vhd:39]
WARNING: [Synth 8-312] ignoring unsynthesizable construct: wait statement with no conditon [C:/D/An3/An3_sem1_exerc/SSC/SSC_proiect/Wallace_Tree_16/Wallace_Tree_16.srcs/sources_1/new/wallace16_tb.vhd:39]
WARNING: [Synth 8-312] ignoring unsynthesizable construct: wait statement with no conditon [C:/D/An3/An3_sem1_exerc/SSC/SSC_proiect/Wallace_Tree_16/Wallace_Tree_16.srcs/sources_1/new/wallace16_tb.vhd:39]
WARNING: [Synth 8-312] ignoring unsynthesizable construct: wait statement with no conditon [C:/D/An3/An3_sem1_exerc/SSC/SSC_proiect/Wallace_Tree_16/Wallace_Tree_16.srcs/sources_1/new/wallace16_tb.vhd:39]
WARNING: [Synth 8-312] ignoring unsynthesizable construct: wait statement with no conditon [C:/D/An3/An3_sem1_exerc/SSC/SSC_proiect/Wallace_Tree_16/Wallace_Tree_16.srcs/sources_1/new/wallace16_tb.vhd:39]
WARNING: [Synth 8-312] ignoring unsynthesizable construct: wait statement with no conditon [C:/D/An3/An3_sem1_exerc/SSC/SSC_proiect/Wallace_Tree_16/Wallace_Tree_16.srcs/sources_1/new/wallace16_tb.vhd:39]
WARNING: [Synth 8-312] ignoring unsynthesizable construct: wait statement with no conditon [C:/D/An3/An3_sem1_exerc/SSC/SSC_proiect/Wallace_Tree_16/Wallace_Tree_16.srcs/sources_1/new/wallace16_tb.vhd:39]
WARNING: [Synth 8-312] ignoring unsynthesizable construct: wait statement with no conditon [C:/D/An3/An3_sem1_exerc/SSC/SSC_proiect/Wallace_Tree_16/Wallace_Tree_16.srcs/sources_1/new/wallace16_tb.vhd:39]
WARNING: [Synth 8-312] ignoring unsynthesizable construct: wait statement with no conditon [C:/D/An3/An3_sem1_exerc/SSC/SSC_proiect/Wallace_Tree_16/Wallace_Tree_16.srcs/sources_1/new/wallace16_tb.vhd:39]
WARNING: [Synth 8-312] ignoring unsynthesizable construct: wait statement with no conditon [C:/D/An3/An3_sem1_exerc/SSC/SSC_proiect/Wallace_Tree_16/Wallace_Tree_16.srcs/sources_1/new/wallace16_tb.vhd:39]
WARNING: [Synth 8-312] ignoring unsynthesizable construct: wait statement with no conditon [C:/D/An3/An3_sem1_exerc/SSC/SSC_proiect/Wallace_Tree_16/Wallace_Tree_16.srcs/sources_1/new/wallace16_tb.vhd:39]
WARNING: [Synth 8-312] ignoring unsynthesizable construct: wait statement with no conditon [C:/D/An3/An3_sem1_exerc/SSC/SSC_proiect/Wallace_Tree_16/Wallace_Tree_16.srcs/sources_1/new/wallace16_tb.vhd:39]
WARNING: [Synth 8-312] ignoring unsynthesizable construct: wait statement with no conditon [C:/D/An3/An3_sem1_exerc/SSC/SSC_proiect/Wallace_Tree_16/Wallace_Tree_16.srcs/sources_1/new/wallace16_tb.vhd:39]
WARNING: [Synth 8-312] ignoring unsynthesizable construct: wait statement with no conditon [C:/D/An3/An3_sem1_exerc/SSC/SSC_proiect/Wallace_Tree_16/Wallace_Tree_16.srcs/sources_1/new/wallace16_tb.vhd:39]
WARNING: [Synth 8-312] ignoring unsynthesizable construct: wait statement with no conditon [C:/D/An3/An3_sem1_exerc/SSC/SSC_proiect/Wallace_Tree_16/Wallace_Tree_16.srcs/sources_1/new/wallace16_tb.vhd:39]
WARNING: [Synth 8-312] ignoring unsynthesizable construct: wait statement with no conditon [C:/D/An3/An3_sem1_exerc/SSC/SSC_proiect/Wallace_Tree_16/Wallace_Tree_16.srcs/sources_1/new/wallace16_tb.vhd:39]
WARNING: [Synth 8-312] ignoring unsynthesizable construct: wait statement with no conditon [C:/D/An3/An3_sem1_exerc/SSC/SSC_proiect/Wallace_Tree_16/Wallace_Tree_16.srcs/sources_1/new/wallace16_tb.vhd:39]
WARNING: [Synth 8-312] ignoring unsynthesizable construct: wait statement with no conditon [C:/D/An3/An3_sem1_exerc/SSC/SSC_proiect/Wallace_Tree_16/Wallace_Tree_16.srcs/sources_1/new/wallace16_tb.vhd:39]
WARNING: [Synth 8-312] ignoring unsynthesizable construct: wait statement with no conditon [C:/D/An3/An3_sem1_exerc/SSC/SSC_proiect/Wallace_Tree_16/Wallace_Tree_16.srcs/sources_1/new/wallace16_tb.vhd:39]
WARNING: [Synth 8-312] ignoring unsynthesizable construct: wait statement with no conditon [C:/D/An3/An3_sem1_exerc/SSC/SSC_proiect/Wallace_Tree_16/Wallace_Tree_16.srcs/sources_1/new/wallace16_tb.vhd:39]
WARNING: [Synth 8-312] ignoring unsynthesizable construct: wait statement with no conditon [C:/D/An3/An3_sem1_exerc/SSC/SSC_proiect/Wallace_Tree_16/Wallace_Tree_16.srcs/sources_1/new/wallace16_tb.vhd:39]
WARNING: [Synth 8-312] ignoring unsynthesizable construct: wait statement with no conditon [C:/D/An3/An3_sem1_exerc/SSC/SSC_proiect/Wallace_Tree_16/Wallace_Tree_16.srcs/sources_1/new/wallace16_tb.vhd:39]
WARNING: [Synth 8-312] ignoring unsynthesizable construct: wait statement with no conditon [C:/D/An3/An3_sem1_exerc/SSC/SSC_proiect/Wallace_Tree_16/Wallace_Tree_16.srcs/sources_1/new/wallace16_tb.vhd:39]
WARNING: [Synth 8-312] ignoring unsynthesizable construct: wait statement with no conditon [C:/D/An3/An3_sem1_exerc/SSC/SSC_proiect/Wallace_Tree_16/Wallace_Tree_16.srcs/sources_1/new/wallace16_tb.vhd:39]
WARNING: [Synth 8-312] ignoring unsynthesizable construct: wait statement with no conditon [C:/D/An3/An3_sem1_exerc/SSC/SSC_proiect/Wallace_Tree_16/Wallace_Tree_16.srcs/sources_1/new/wallace16_tb.vhd:39]
WARNING: [Synth 8-312] ignoring unsynthesizable construct: wait statement with no conditon [C:/D/An3/An3_sem1_exerc/SSC/SSC_proiect/Wallace_Tree_16/Wallace_Tree_16.srcs/sources_1/new/wallace16_tb.vhd:39]
WARNING: [Synth 8-312] ignoring unsynthesizable construct: wait statement with no conditon [C:/D/An3/An3_sem1_exerc/SSC/SSC_proiect/Wallace_Tree_16/Wallace_Tree_16.srcs/sources_1/new/wallace16_tb.vhd:39]
WARNING: [Synth 8-312] ignoring unsynthesizable construct: wait statement with no conditon [C:/D/An3/An3_sem1_exerc/SSC/SSC_proiect/Wallace_Tree_16/Wallace_Tree_16.srcs/sources_1/new/wallace16_tb.vhd:39]
WARNING: [Synth 8-312] ignoring unsynthesizable construct: wait statement with no conditon [C:/D/An3/An3_sem1_exerc/SSC/SSC_proiect/Wallace_Tree_16/Wallace_Tree_16.srcs/sources_1/new/wallace16_tb.vhd:39]
WARNING: [Synth 8-312] ignoring unsynthesizable construct: wait statement with no conditon [C:/D/An3/An3_sem1_exerc/SSC/SSC_proiect/Wallace_Tree_16/Wallace_Tree_16.srcs/sources_1/new/wallace16_tb.vhd:39]
WARNING: [Synth 8-312] ignoring unsynthesizable construct: wait statement with no conditon [C:/D/An3/An3_sem1_exerc/SSC/SSC_proiect/Wallace_Tree_16/Wallace_Tree_16.srcs/sources_1/new/wallace16_tb.vhd:39]
WARNING: [Synth 8-312] ignoring unsynthesizable construct: wait statement with no conditon [C:/D/An3/An3_sem1_exerc/SSC/SSC_proiect/Wallace_Tree_16/Wallace_Tree_16.srcs/sources_1/new/wallace16_tb.vhd:39]
WARNING: [Synth 8-312] ignoring unsynthesizable construct: wait statement with no conditon [C:/D/An3/An3_sem1_exerc/SSC/SSC_proiect/Wallace_Tree_16/Wallace_Tree_16.srcs/sources_1/new/wallace16_tb.vhd:39]
WARNING: [Synth 8-312] ignoring unsynthesizable construct: wait statement with no conditon [C:/D/An3/An3_sem1_exerc/SSC/SSC_proiect/Wallace_Tree_16/Wallace_Tree_16.srcs/sources_1/new/wallace16_tb.vhd:39]
WARNING: [Synth 8-312] ignoring unsynthesizable construct: wait statement with no conditon [C:/D/An3/An3_sem1_exerc/SSC/SSC_proiect/Wallace_Tree_16/Wallace_Tree_16.srcs/sources_1/new/wallace16_tb.vhd:39]
WARNING: [Synth 8-312] ignoring unsynthesizable construct: wait statement with no conditon [C:/D/An3/An3_sem1_exerc/SSC/SSC_proiect/Wallace_Tree_16/Wallace_Tree_16.srcs/sources_1/new/wallace16_tb.vhd:39]
WARNING: [Synth 8-312] ignoring unsynthesizable construct: wait statement with no conditon [C:/D/An3/An3_sem1_exerc/SSC/SSC_proiect/Wallace_Tree_16/Wallace_Tree_16.srcs/sources_1/new/wallace16_tb.vhd:39]
WARNING: [Synth 8-312] ignoring unsynthesizable construct: wait statement with no conditon [C:/D/An3/An3_sem1_exerc/SSC/SSC_proiect/Wallace_Tree_16/Wallace_Tree_16.srcs/sources_1/new/wallace16_tb.vhd:39]
WARNING: [Synth 8-312] ignoring unsynthesizable construct: wait statement with no conditon [C:/D/An3/An3_sem1_exerc/SSC/SSC_proiect/Wallace_Tree_16/Wallace_Tree_16.srcs/sources_1/new/wallace16_tb.vhd:39]
WARNING: [Synth 8-312] ignoring unsynthesizable construct: wait statement with no conditon [C:/D/An3/An3_sem1_exerc/SSC/SSC_proiect/Wallace_Tree_16/Wallace_Tree_16.srcs/sources_1/new/wallace16_tb.vhd:39]
WARNING: [Synth 8-312] ignoring unsynthesizable construct: wait statement with no conditon [C:/D/An3/An3_sem1_exerc/SSC/SSC_proiect/Wallace_Tree_16/Wallace_Tree_16.srcs/sources_1/new/wallace16_tb.vhd:39]
WARNING: [Synth 8-312] ignoring unsynthesizable construct: wait statement with no conditon [C:/D/An3/An3_sem1_exerc/SSC/SSC_proiect/Wallace_Tree_16/Wallace_Tree_16.srcs/sources_1/new/wallace16_tb.vhd:39]
WARNING: [Synth 8-312] ignoring unsynthesizable construct: wait statement with no conditon [C:/D/An3/An3_sem1_exerc/SSC/SSC_proiect/Wallace_Tree_16/Wallace_Tree_16.srcs/sources_1/new/wallace16_tb.vhd:39]
WARNING: [Synth 8-312] ignoring unsynthesizable construct: wait statement with no conditon [C:/D/An3/An3_sem1_exerc/SSC/SSC_proiect/Wallace_Tree_16/Wallace_Tree_16.srcs/sources_1/new/wallace16_tb.vhd:39]
WARNING: [Synth 8-312] ignoring unsynthesizable construct: wait statement with no conditon [C:/D/An3/An3_sem1_exerc/SSC/SSC_proiect/Wallace_Tree_16/Wallace_Tree_16.srcs/sources_1/new/wallace16_tb.vhd:39]
WARNING: [Synth 8-312] ignoring unsynthesizable construct: wait statement with no conditon [C:/D/An3/An3_sem1_exerc/SSC/SSC_proiect/Wallace_Tree_16/Wallace_Tree_16.srcs/sources_1/new/wallace16_tb.vhd:39]
WARNING: [Synth 8-312] ignoring unsynthesizable construct: wait statement with no conditon [C:/D/An3/An3_sem1_exerc/SSC/SSC_proiect/Wallace_Tree_16/Wallace_Tree_16.srcs/sources_1/new/wallace16_tb.vhd:39]
WARNING: [Synth 8-312] ignoring unsynthesizable construct: wait statement with no conditon [C:/D/An3/An3_sem1_exerc/SSC/SSC_proiect/Wallace_Tree_16/Wallace_Tree_16.srcs/sources_1/new/wallace16_tb.vhd:39]
WARNING: [Synth 8-312] ignoring unsynthesizable construct: wait statement with no conditon [C:/D/An3/An3_sem1_exerc/SSC/SSC_proiect/Wallace_Tree_16/Wallace_Tree_16.srcs/sources_1/new/wallace16_tb.vhd:39]
INFO: [Common 17-14] Message 'Synth 8-312' appears 100 times and further instances of the messages will be disabled. Use the Tcl command set_msg_config to change the current settings.
INFO: [Synth 8-256] done synthesizing module 'wallace16_tb' (3#1) [C:/D/An3/An3_sem1_exerc/SSC/SSC_proiect/Wallace_Tree_16/Wallace_Tree_16.srcs/sources_1/new/wallace16_tb.vhd:13]
---------------------------------------------------------------------------------
Finished RTL Elaboration : Time (s): cpu = 00:00:23 ; elapsed = 00:00:26 . Memory (MB): peak = 439.770 ; gain = 229.629
---------------------------------------------------------------------------------

Report Check Netlist: 
+------+------------------+-------+---------+-------+------------------+
|      |Item              |Errors |Warnings |Status |Description       |
+------+------------------+-------+---------+-------+------------------+
|1     |multi_driven_nets |      0|        0|Passed |Multi driven nets |
+------+------------------+-------+---------+-------+------------------+
---------------------------------------------------------------------------------
Finished RTL Optimization Phase 1 : Time (s): cpu = 00:00:24 ; elapsed = 00:00:26 . Memory (MB): peak = 439.770 ; gain = 229.629
---------------------------------------------------------------------------------
INFO: [Device 21-403] Loading part xc7a50tcsg324-1
INFO: [Project 1-570] Preparing netlist for logic optimization

Processing XDC Constraints
Initializing timing engine
Parsing XDC File [C:/D/An3/An3_sem1_exerc/SSC/SSC_proiect/Wallace_Tree_16/Wallace_Tree_16.srcs/constrs_1/imports/SSC_lab/Nexys4DDR_Master.xdc]
WARNING: [Vivado 12-584] No ports matched 'Clk'. [C:/D/An3/An3_sem1_exerc/SSC/SSC_proiect/Wallace_Tree_16/Wallace_Tree_16.srcs/constrs_1/imports/SSC_lab/Nexys4DDR_Master.xdc:7]
CRITICAL WARNING: [Common 17-55] 'set_property' expects at least one object. [C:/D/An3/An3_sem1_exerc/SSC/SSC_proiect/Wallace_Tree_16/Wallace_Tree_16.srcs/constrs_1/imports/SSC_lab/Nexys4DDR_Master.xdc:7]
Resolution: If [get_<value>] was used to populate the object, check to make sure this command returns at least one valid object.
WARNING: [Vivado 12-584] No ports matched 'Clk'. [C:/D/An3/An3_sem1_exerc/SSC/SSC_proiect/Wallace_Tree_16/Wallace_Tree_16.srcs/constrs_1/imports/SSC_lab/Nexys4DDR_Master.xdc:8]
CRITICAL WARNING: [Vivado 12-4739] create_clock:No valid object(s) found for '-objects [get_ports Clk]'. [C:/D/An3/An3_sem1_exerc/SSC/SSC_proiect/Wallace_Tree_16/Wallace_Tree_16.srcs/constrs_1/imports/SSC_lab/Nexys4DDR_Master.xdc:8]
Resolution: Check if the specified object(s) exists in the current design. If it does, ensure that the correct design hierarchy was specified for the object. If you are working with clocks, make sure create_clock was used to create the clock object before it is referenced.
WARNING: [Vivado 12-584] No ports matched 'X[0]'. [C:/D/An3/An3_sem1_exerc/SSC/SSC_proiect/Wallace_Tree_16/Wallace_Tree_16.srcs/constrs_1/imports/SSC_lab/Nexys4DDR_Master.xdc:13]
CRITICAL WARNING: [Common 17-55] 'set_property' expects at least one object. [C:/D/An3/An3_sem1_exerc/SSC/SSC_proiect/Wallace_Tree_16/Wallace_Tree_16.srcs/constrs_1/imports/SSC_lab/Nexys4DDR_Master.xdc:13]
Resolution: If [get_<value>] was used to populate the object, check to make sure this command returns at least one valid object.
WARNING: [Vivado 12-584] No ports matched 'X[1]'. [C:/D/An3/An3_sem1_exerc/SSC/SSC_proiect/Wallace_Tree_16/Wallace_Tree_16.srcs/constrs_1/imports/SSC_lab/Nexys4DDR_Master.xdc:14]
CRITICAL WARNING: [Common 17-55] 'set_property' expects at least one object. [C:/D/An3/An3_sem1_exerc/SSC/SSC_proiect/Wallace_Tree_16/Wallace_Tree_16.srcs/constrs_1/imports/SSC_lab/Nexys4DDR_Master.xdc:14]
Resolution: If [get_<value>] was used to populate the object, check to make sure this command returns at least one valid object.
WARNING: [Vivado 12-584] No ports matched 'X[2]'. [C:/D/An3/An3_sem1_exerc/SSC/SSC_proiect/Wallace_Tree_16/Wallace_Tree_16.srcs/constrs_1/imports/SSC_lab/Nexys4DDR_Master.xdc:15]
CRITICAL WARNING: [Common 17-55] 'set_property' expects at least one object. [C:/D/An3/An3_sem1_exerc/SSC/SSC_proiect/Wallace_Tree_16/Wallace_Tree_16.srcs/constrs_1/imports/SSC_lab/Nexys4DDR_Master.xdc:15]
Resolution: If [get_<value>] was used to populate the object, check to make sure this command returns at least one valid object.
WARNING: [Vivado 12-584] No ports matched 'X[3]'. [C:/D/An3/An3_sem1_exerc/SSC/SSC_proiect/Wallace_Tree_16/Wallace_Tree_16.srcs/constrs_1/imports/SSC_lab/Nexys4DDR_Master.xdc:16]
CRITICAL WARNING: [Common 17-55] 'set_property' expects at least one object. [C:/D/An3/An3_sem1_exerc/SSC/SSC_proiect/Wallace_Tree_16/Wallace_Tree_16.srcs/constrs_1/imports/SSC_lab/Nexys4DDR_Master.xdc:16]
Resolution: If [get_<value>] was used to populate the object, check to make sure this command returns at least one valid object.
WARNING: [Vivado 12-584] No ports matched 'X[4]'. [C:/D/An3/An3_sem1_exerc/SSC/SSC_proiect/Wallace_Tree_16/Wallace_Tree_16.srcs/constrs_1/imports/SSC_lab/Nexys4DDR_Master.xdc:17]
CRITICAL WARNING: [Common 17-55] 'set_property' expects at least one object. [C:/D/An3/An3_sem1_exerc/SSC/SSC_proiect/Wallace_Tree_16/Wallace_Tree_16.srcs/constrs_1/imports/SSC_lab/Nexys4DDR_Master.xdc:17]
Resolution: If [get_<value>] was used to populate the object, check to make sure this command returns at least one valid object.
WARNING: [Vivado 12-584] No ports matched 'X[5]'. [C:/D/An3/An3_sem1_exerc/SSC/SSC_proiect/Wallace_Tree_16/Wallace_Tree_16.srcs/constrs_1/imports/SSC_lab/Nexys4DDR_Master.xdc:18]
CRITICAL WARNING: [Common 17-55] 'set_property' expects at least one object. [C:/D/An3/An3_sem1_exerc/SSC/SSC_proiect/Wallace_Tree_16/Wallace_Tree_16.srcs/constrs_1/imports/SSC_lab/Nexys4DDR_Master.xdc:18]
Resolution: If [get_<value>] was used to populate the object, check to make sure this command returns at least one valid object.
WARNING: [Vivado 12-584] No ports matched 'X[6]'. [C:/D/An3/An3_sem1_exerc/SSC/SSC_proiect/Wallace_Tree_16/Wallace_Tree_16.srcs/constrs_1/imports/SSC_lab/Nexys4DDR_Master.xdc:19]
CRITICAL WARNING: [Common 17-55] 'set_property' expects at least one object. [C:/D/An3/An3_sem1_exerc/SSC/SSC_proiect/Wallace_Tree_16/Wallace_Tree_16.srcs/constrs_1/imports/SSC_lab/Nexys4DDR_Master.xdc:19]
Resolution: If [get_<value>] was used to populate the object, check to make sure this command returns at least one valid object.
WARNING: [Vivado 12-584] No ports matched 'X[7]'. [C:/D/An3/An3_sem1_exerc/SSC/SSC_proiect/Wallace_Tree_16/Wallace_Tree_16.srcs/constrs_1/imports/SSC_lab/Nexys4DDR_Master.xdc:20]
CRITICAL WARNING: [Common 17-55] 'set_property' expects at least one object. [C:/D/An3/An3_sem1_exerc/SSC/SSC_proiect/Wallace_Tree_16/Wallace_Tree_16.srcs/constrs_1/imports/SSC_lab/Nexys4DDR_Master.xdc:20]
Resolution: If [get_<value>] was used to populate the object, check to make sure this command returns at least one valid object.
WARNING: [Vivado 12-584] No ports matched 'X[8]'. [C:/D/An3/An3_sem1_exerc/SSC/SSC_proiect/Wallace_Tree_16/Wallace_Tree_16.srcs/constrs_1/imports/SSC_lab/Nexys4DDR_Master.xdc:21]
CRITICAL WARNING: [Common 17-55] 'set_property' expects at least one object. [C:/D/An3/An3_sem1_exerc/SSC/SSC_proiect/Wallace_Tree_16/Wallace_Tree_16.srcs/constrs_1/imports/SSC_lab/Nexys4DDR_Master.xdc:21]
Resolution: If [get_<value>] was used to populate the object, check to make sure this command returns at least one valid object.
WARNING: [Vivado 12-584] No ports matched 'X[9]'. [C:/D/An3/An3_sem1_exerc/SSC/SSC_proiect/Wallace_Tree_16/Wallace_Tree_16.srcs/constrs_1/imports/SSC_lab/Nexys4DDR_Master.xdc:22]
CRITICAL WARNING: [Common 17-55] 'set_property' expects at least one object. [C:/D/An3/An3_sem1_exerc/SSC/SSC_proiect/Wallace_Tree_16/Wallace_Tree_16.srcs/constrs_1/imports/SSC_lab/Nexys4DDR_Master.xdc:22]
Resolution: If [get_<value>] was used to populate the object, check to make sure this command returns at least one valid object.
WARNING: [Vivado 12-584] No ports matched 'X[10]'. [C:/D/An3/An3_sem1_exerc/SSC/SSC_proiect/Wallace_Tree_16/Wallace_Tree_16.srcs/constrs_1/imports/SSC_lab/Nexys4DDR_Master.xdc:23]
CRITICAL WARNING: [Common 17-55] 'set_property' expects at least one object. [C:/D/An3/An3_sem1_exerc/SSC/SSC_proiect/Wallace_Tree_16/Wallace_Tree_16.srcs/constrs_1/imports/SSC_lab/Nexys4DDR_Master.xdc:23]
Resolution: If [get_<value>] was used to populate the object, check to make sure this command returns at least one valid object.
WARNING: [Vivado 12-584] No ports matched 'X[11]'. [C:/D/An3/An3_sem1_exerc/SSC/SSC_proiect/Wallace_Tree_16/Wallace_Tree_16.srcs/constrs_1/imports/SSC_lab/Nexys4DDR_Master.xdc:24]
CRITICAL WARNING: [Common 17-55] 'set_property' expects at least one object. [C:/D/An3/An3_sem1_exerc/SSC/SSC_proiect/Wallace_Tree_16/Wallace_Tree_16.srcs/constrs_1/imports/SSC_lab/Nexys4DDR_Master.xdc:24]
Resolution: If [get_<value>] was used to populate the object, check to make sure this command returns at least one valid object.
WARNING: [Vivado 12-584] No ports matched 'X[12]'. [C:/D/An3/An3_sem1_exerc/SSC/SSC_proiect/Wallace_Tree_16/Wallace_Tree_16.srcs/constrs_1/imports/SSC_lab/Nexys4DDR_Master.xdc:25]
CRITICAL WARNING: [Common 17-55] 'set_property' expects at least one object. [C:/D/An3/An3_sem1_exerc/SSC/SSC_proiect/Wallace_Tree_16/Wallace_Tree_16.srcs/constrs_1/imports/SSC_lab/Nexys4DDR_Master.xdc:25]
Resolution: If [get_<value>] was used to populate the object, check to make sure this command returns at least one valid object.
WARNING: [Vivado 12-584] No ports matched 'X[13]'. [C:/D/An3/An3_sem1_exerc/SSC/SSC_proiect/Wallace_Tree_16/Wallace_Tree_16.srcs/constrs_1/imports/SSC_lab/Nexys4DDR_Master.xdc:26]
CRITICAL WARNING: [Common 17-55] 'set_property' expects at least one object. [C:/D/An3/An3_sem1_exerc/SSC/SSC_proiect/Wallace_Tree_16/Wallace_Tree_16.srcs/constrs_1/imports/SSC_lab/Nexys4DDR_Master.xdc:26]
Resolution: If [get_<value>] was used to populate the object, check to make sure this command returns at least one valid object.
WARNING: [Vivado 12-584] No ports matched 'X[14]'. [C:/D/An3/An3_sem1_exerc/SSC/SSC_proiect/Wallace_Tree_16/Wallace_Tree_16.srcs/constrs_1/imports/SSC_lab/Nexys4DDR_Master.xdc:27]
CRITICAL WARNING: [Common 17-55] 'set_property' expects at least one object. [C:/D/An3/An3_sem1_exerc/SSC/SSC_proiect/Wallace_Tree_16/Wallace_Tree_16.srcs/constrs_1/imports/SSC_lab/Nexys4DDR_Master.xdc:27]
Resolution: If [get_<value>] was used to populate the object, check to make sure this command returns at least one valid object.
WARNING: [Vivado 12-584] No ports matched 'X[15]'. [C:/D/An3/An3_sem1_exerc/SSC/SSC_proiect/Wallace_Tree_16/Wallace_Tree_16.srcs/constrs_1/imports/SSC_lab/Nexys4DDR_Master.xdc:28]
CRITICAL WARNING: [Common 17-55] 'set_property' expects at least one object. [C:/D/An3/An3_sem1_exerc/SSC/SSC_proiect/Wallace_Tree_16/Wallace_Tree_16.srcs/constrs_1/imports/SSC_lab/Nexys4DDR_Master.xdc:28]
Resolution: If [get_<value>] was used to populate the object, check to make sure this command returns at least one valid object.
WARNING: [Vivado 12-584] No ports matched 'X_primeste_X'. [C:/D/An3/An3_sem1_exerc/SSC/SSC_proiect/Wallace_Tree_16/Wallace_Tree_16.srcs/constrs_1/imports/SSC_lab/Nexys4DDR_Master.xdc:33]
CRITICAL WARNING: [Common 17-55] 'set_property' expects at least one object. [C:/D/An3/An3_sem1_exerc/SSC/SSC_proiect/Wallace_Tree_16/Wallace_Tree_16.srcs/constrs_1/imports/SSC_lab/Nexys4DDR_Master.xdc:33]
Resolution: If [get_<value>] was used to populate the object, check to make sure this command returns at least one valid object.
WARNING: [Vivado 12-584] No ports matched 'Y_primeste_X'. [C:/D/An3/An3_sem1_exerc/SSC/SSC_proiect/Wallace_Tree_16/Wallace_Tree_16.srcs/constrs_1/imports/SSC_lab/Nexys4DDR_Master.xdc:34]
CRITICAL WARNING: [Common 17-55] 'set_property' expects at least one object. [C:/D/An3/An3_sem1_exerc/SSC/SSC_proiect/Wallace_Tree_16/Wallace_Tree_16.srcs/constrs_1/imports/SSC_lab/Nexys4DDR_Master.xdc:34]
Resolution: If [get_<value>] was used to populate the object, check to make sure this command returns at least one valid object.
WARNING: [Vivado 12-584] No ports matched 'Term'. [C:/D/An3/An3_sem1_exerc/SSC/SSC_proiect/Wallace_Tree_16/Wallace_Tree_16.srcs/constrs_1/imports/SSC_lab/Nexys4DDR_Master.xdc:35]
CRITICAL WARNING: [Common 17-55] 'set_property' expects at least one object. [C:/D/An3/An3_sem1_exerc/SSC/SSC_proiect/Wallace_Tree_16/Wallace_Tree_16.srcs/constrs_1/imports/SSC_lab/Nexys4DDR_Master.xdc:35]
Resolution: If [get_<value>] was used to populate the object, check to make sure this command returns at least one valid object.
WARNING: [Vivado 12-584] No ports matched 'Seg[0]'. [C:/D/An3/An3_sem1_exerc/SSC/SSC_proiect/Wallace_Tree_16/Wallace_Tree_16.srcs/constrs_1/imports/SSC_lab/Nexys4DDR_Master.xdc:60]
CRITICAL WARNING: [Common 17-55] 'set_property' expects at least one object. [C:/D/An3/An3_sem1_exerc/SSC/SSC_proiect/Wallace_Tree_16/Wallace_Tree_16.srcs/constrs_1/imports/SSC_lab/Nexys4DDR_Master.xdc:60]
Resolution: If [get_<value>] was used to populate the object, check to make sure this command returns at least one valid object.
WARNING: [Vivado 12-584] No ports matched 'Seg[1]'. [C:/D/An3/An3_sem1_exerc/SSC/SSC_proiect/Wallace_Tree_16/Wallace_Tree_16.srcs/constrs_1/imports/SSC_lab/Nexys4DDR_Master.xdc:61]
CRITICAL WARNING: [Common 17-55] 'set_property' expects at least one object. [C:/D/An3/An3_sem1_exerc/SSC/SSC_proiect/Wallace_Tree_16/Wallace_Tree_16.srcs/constrs_1/imports/SSC_lab/Nexys4DDR_Master.xdc:61]
Resolution: If [get_<value>] was used to populate the object, check to make sure this command returns at least one valid object.
WARNING: [Vivado 12-584] No ports matched 'Seg[2]'. [C:/D/An3/An3_sem1_exerc/SSC/SSC_proiect/Wallace_Tree_16/Wallace_Tree_16.srcs/constrs_1/imports/SSC_lab/Nexys4DDR_Master.xdc:62]
CRITICAL WARNING: [Common 17-55] 'set_property' expects at least one object. [C:/D/An3/An3_sem1_exerc/SSC/SSC_proiect/Wallace_Tree_16/Wallace_Tree_16.srcs/constrs_1/imports/SSC_lab/Nexys4DDR_Master.xdc:62]
Resolution: If [get_<value>] was used to populate the object, check to make sure this command returns at least one valid object.
WARNING: [Vivado 12-584] No ports matched 'Seg[3]'. [C:/D/An3/An3_sem1_exerc/SSC/SSC_proiect/Wallace_Tree_16/Wallace_Tree_16.srcs/constrs_1/imports/SSC_lab/Nexys4DDR_Master.xdc:63]
CRITICAL WARNING: [Common 17-55] 'set_property' expects at least one object. [C:/D/An3/An3_sem1_exerc/SSC/SSC_proiect/Wallace_Tree_16/Wallace_Tree_16.srcs/constrs_1/imports/SSC_lab/Nexys4DDR_Master.xdc:63]
Resolution: If [get_<value>] was used to populate the object, check to make sure this command returns at least one valid object.
WARNING: [Vivado 12-584] No ports matched 'Seg[4]'. [C:/D/An3/An3_sem1_exerc/SSC/SSC_proiect/Wallace_Tree_16/Wallace_Tree_16.srcs/constrs_1/imports/SSC_lab/Nexys4DDR_Master.xdc:64]
CRITICAL WARNING: [Common 17-55] 'set_property' expects at least one object. [C:/D/An3/An3_sem1_exerc/SSC/SSC_proiect/Wallace_Tree_16/Wallace_Tree_16.srcs/constrs_1/imports/SSC_lab/Nexys4DDR_Master.xdc:64]
Resolution: If [get_<value>] was used to populate the object, check to make sure this command returns at least one valid object.
WARNING: [Vivado 12-584] No ports matched 'Seg[5]'. [C:/D/An3/An3_sem1_exerc/SSC/SSC_proiect/Wallace_Tree_16/Wallace_Tree_16.srcs/constrs_1/imports/SSC_lab/Nexys4DDR_Master.xdc:65]
CRITICAL WARNING: [Common 17-55] 'set_property' expects at least one object. [C:/D/An3/An3_sem1_exerc/SSC/SSC_proiect/Wallace_Tree_16/Wallace_Tree_16.srcs/constrs_1/imports/SSC_lab/Nexys4DDR_Master.xdc:65]
Resolution: If [get_<value>] was used to populate the object, check to make sure this command returns at least one valid object.
WARNING: [Vivado 12-584] No ports matched 'Seg[6]'. [C:/D/An3/An3_sem1_exerc/SSC/SSC_proiect/Wallace_Tree_16/Wallace_Tree_16.srcs/constrs_1/imports/SSC_lab/Nexys4DDR_Master.xdc:66]
CRITICAL WARNING: [Common 17-55] 'set_property' expects at least one object. [C:/D/An3/An3_sem1_exerc/SSC/SSC_proiect/Wallace_Tree_16/Wallace_Tree_16.srcs/constrs_1/imports/SSC_lab/Nexys4DDR_Master.xdc:66]
Resolution: If [get_<value>] was used to populate the object, check to make sure this command returns at least one valid object.
WARNING: [Vivado 12-584] No ports matched 'Seg[7]'. [C:/D/An3/An3_sem1_exerc/SSC/SSC_proiect/Wallace_Tree_16/Wallace_Tree_16.srcs/constrs_1/imports/SSC_lab/Nexys4DDR_Master.xdc:68]
CRITICAL WARNING: [Common 17-55] 'set_property' expects at least one object. [C:/D/An3/An3_sem1_exerc/SSC/SSC_proiect/Wallace_Tree_16/Wallace_Tree_16.srcs/constrs_1/imports/SSC_lab/Nexys4DDR_Master.xdc:68]
Resolution: If [get_<value>] was used to populate the object, check to make sure this command returns at least one valid object.
WARNING: [Vivado 12-584] No ports matched 'An[0]'. [C:/D/An3/An3_sem1_exerc/SSC/SSC_proiect/Wallace_Tree_16/Wallace_Tree_16.srcs/constrs_1/imports/SSC_lab/Nexys4DDR_Master.xdc:70]
CRITICAL WARNING: [Common 17-55] 'set_property' expects at least one object. [C:/D/An3/An3_sem1_exerc/SSC/SSC_proiect/Wallace_Tree_16/Wallace_Tree_16.srcs/constrs_1/imports/SSC_lab/Nexys4DDR_Master.xdc:70]
Resolution: If [get_<value>] was used to populate the object, check to make sure this command returns at least one valid object.
WARNING: [Vivado 12-584] No ports matched 'An[1]'. [C:/D/An3/An3_sem1_exerc/SSC/SSC_proiect/Wallace_Tree_16/Wallace_Tree_16.srcs/constrs_1/imports/SSC_lab/Nexys4DDR_Master.xdc:71]
CRITICAL WARNING: [Common 17-55] 'set_property' expects at least one object. [C:/D/An3/An3_sem1_exerc/SSC/SSC_proiect/Wallace_Tree_16/Wallace_Tree_16.srcs/constrs_1/imports/SSC_lab/Nexys4DDR_Master.xdc:71]
Resolution: If [get_<value>] was used to populate the object, check to make sure this command returns at least one valid object.
WARNING: [Vivado 12-584] No ports matched 'An[2]'. [C:/D/An3/An3_sem1_exerc/SSC/SSC_proiect/Wallace_Tree_16/Wallace_Tree_16.srcs/constrs_1/imports/SSC_lab/Nexys4DDR_Master.xdc:72]
CRITICAL WARNING: [Common 17-55] 'set_property' expects at least one object. [C:/D/An3/An3_sem1_exerc/SSC/SSC_proiect/Wallace_Tree_16/Wallace_Tree_16.srcs/constrs_1/imports/SSC_lab/Nexys4DDR_Master.xdc:72]
Resolution: If [get_<value>] was used to populate the object, check to make sure this command returns at least one valid object.
WARNING: [Vivado 12-584] No ports matched 'An[3]'. [C:/D/An3/An3_sem1_exerc/SSC/SSC_proiect/Wallace_Tree_16/Wallace_Tree_16.srcs/constrs_1/imports/SSC_lab/Nexys4DDR_Master.xdc:73]
CRITICAL WARNING: [Common 17-55] 'set_property' expects at least one object. [C:/D/An3/An3_sem1_exerc/SSC/SSC_proiect/Wallace_Tree_16/Wallace_Tree_16.srcs/constrs_1/imports/SSC_lab/Nexys4DDR_Master.xdc:73]
Resolution: If [get_<value>] was used to populate the object, check to make sure this command returns at least one valid object.
WARNING: [Vivado 12-584] No ports matched 'An[4]'. [C:/D/An3/An3_sem1_exerc/SSC/SSC_proiect/Wallace_Tree_16/Wallace_Tree_16.srcs/constrs_1/imports/SSC_lab/Nexys4DDR_Master.xdc:74]
CRITICAL WARNING: [Common 17-55] 'set_property' expects at least one object. [C:/D/An3/An3_sem1_exerc/SSC/SSC_proiect/Wallace_Tree_16/Wallace_Tree_16.srcs/constrs_1/imports/SSC_lab/Nexys4DDR_Master.xdc:74]
Resolution: If [get_<value>] was used to populate the object, check to make sure this command returns at least one valid object.
WARNING: [Vivado 12-584] No ports matched 'An[5]'. [C:/D/An3/An3_sem1_exerc/SSC/SSC_proiect/Wallace_Tree_16/Wallace_Tree_16.srcs/constrs_1/imports/SSC_lab/Nexys4DDR_Master.xdc:75]
CRITICAL WARNING: [Common 17-55] 'set_property' expects at least one object. [C:/D/An3/An3_sem1_exerc/SSC/SSC_proiect/Wallace_Tree_16/Wallace_Tree_16.srcs/constrs_1/imports/SSC_lab/Nexys4DDR_Master.xdc:75]
Resolution: If [get_<value>] was used to populate the object, check to make sure this command returns at least one valid object.
WARNING: [Vivado 12-584] No ports matched 'An[6]'. [C:/D/An3/An3_sem1_exerc/SSC/SSC_proiect/Wallace_Tree_16/Wallace_Tree_16.srcs/constrs_1/imports/SSC_lab/Nexys4DDR_Master.xdc:76]
CRITICAL WARNING: [Common 17-55] 'set_property' expects at least one object. [C:/D/An3/An3_sem1_exerc/SSC/SSC_proiect/Wallace_Tree_16/Wallace_Tree_16.srcs/constrs_1/imports/SSC_lab/Nexys4DDR_Master.xdc:76]
Resolution: If [get_<value>] was used to populate the object, check to make sure this command returns at least one valid object.
WARNING: [Vivado 12-584] No ports matched 'An[7]'. [C:/D/An3/An3_sem1_exerc/SSC/SSC_proiect/Wallace_Tree_16/Wallace_Tree_16.srcs/constrs_1/imports/SSC_lab/Nexys4DDR_Master.xdc:77]
CRITICAL WARNING: [Common 17-55] 'set_property' expects at least one object. [C:/D/An3/An3_sem1_exerc/SSC/SSC_proiect/Wallace_Tree_16/Wallace_Tree_16.srcs/constrs_1/imports/SSC_lab/Nexys4DDR_Master.xdc:77]
Resolution: If [get_<value>] was used to populate the object, check to make sure this command returns at least one valid object.
WARNING: [Vivado 12-584] No ports matched 'Start'. [C:/D/An3/An3_sem1_exerc/SSC/SSC_proiect/Wallace_Tree_16/Wallace_Tree_16.srcs/constrs_1/imports/SSC_lab/Nexys4DDR_Master.xdc:85]
CRITICAL WARNING: [Common 17-55] 'set_property' expects at least one object. [C:/D/An3/An3_sem1_exerc/SSC/SSC_proiect/Wallace_Tree_16/Wallace_Tree_16.srcs/constrs_1/imports/SSC_lab/Nexys4DDR_Master.xdc:85]
Resolution: If [get_<value>] was used to populate the object, check to make sure this command returns at least one valid object.
WARNING: [Vivado 12-584] No ports matched 'Start2'. [C:/D/An3/An3_sem1_exerc/SSC/SSC_proiect/Wallace_Tree_16/Wallace_Tree_16.srcs/constrs_1/imports/SSC_lab/Nexys4DDR_Master.xdc:86]
CRITICAL WARNING: [Common 17-55] 'set_property' expects at least one object. [C:/D/An3/An3_sem1_exerc/SSC/SSC_proiect/Wallace_Tree_16/Wallace_Tree_16.srcs/constrs_1/imports/SSC_lab/Nexys4DDR_Master.xdc:86]
Resolution: If [get_<value>] was used to populate the object, check to make sure this command returns at least one valid object.
WARNING: [Vivado 12-584] No ports matched 'Rez_term'. [C:/D/An3/An3_sem1_exerc/SSC/SSC_proiect/Wallace_Tree_16/Wallace_Tree_16.srcs/constrs_1/imports/SSC_lab/Nexys4DDR_Master.xdc:87]
CRITICAL WARNING: [Common 17-55] 'set_property' expects at least one object. [C:/D/An3/An3_sem1_exerc/SSC/SSC_proiect/Wallace_Tree_16/Wallace_Tree_16.srcs/constrs_1/imports/SSC_lab/Nexys4DDR_Master.xdc:87]
Resolution: If [get_<value>] was used to populate the object, check to make sure this command returns at least one valid object.
WARNING: [Vivado 12-584] No ports matched 'Rst'. [C:/D/An3/An3_sem1_exerc/SSC/SSC_proiect/Wallace_Tree_16/Wallace_Tree_16.srcs/constrs_1/imports/SSC_lab/Nexys4DDR_Master.xdc:88]
CRITICAL WARNING: [Common 17-55] 'set_property' expects at least one object. [C:/D/An3/An3_sem1_exerc/SSC/SSC_proiect/Wallace_Tree_16/Wallace_Tree_16.srcs/constrs_1/imports/SSC_lab/Nexys4DDR_Master.xdc:88]
Resolution: If [get_<value>] was used to populate the object, check to make sure this command returns at least one valid object.
Finished Parsing XDC File [C:/D/An3/An3_sem1_exerc/SSC/SSC_proiect/Wallace_Tree_16/Wallace_Tree_16.srcs/constrs_1/imports/SSC_lab/Nexys4DDR_Master.xdc]
Completed Processing XDC Constraints

INFO: [Project 1-111] Unisim Transformation Summary:
No Unisim elements were transformed.

Constraint Validation Runtime : Time (s): cpu = 00:00:00 ; elapsed = 00:00:00.003 . Memory (MB): peak = 629.336 ; gain = 0.000
---------------------------------------------------------------------------------
Finished Constraint Validation : Time (s): cpu = 00:00:32 ; elapsed = 00:00:36 . Memory (MB): peak = 629.336 ; gain = 419.195
---------------------------------------------------------------------------------
---------------------------------------------------------------------------------
Start Loading Part and Timing Information
---------------------------------------------------------------------------------
Loading part: xc7a50tcsg324-1
---------------------------------------------------------------------------------
Finished Loading Part and Timing Information : Time (s): cpu = 00:00:32 ; elapsed = 00:00:36 . Memory (MB): peak = 629.336 ; gain = 419.195
---------------------------------------------------------------------------------
---------------------------------------------------------------------------------
Start Applying 'set_property' XDC Constraints
---------------------------------------------------------------------------------
---------------------------------------------------------------------------------
Finished applying 'set_property' XDC Constraints : Time (s): cpu = 00:00:32 ; elapsed = 00:00:36 . Memory (MB): peak = 629.336 ; gain = 419.195
---------------------------------------------------------------------------------
---------------------------------------------------------------------------------
Finished RTL Optimization Phase 2 : Time (s): cpu = 00:00:33 ; elapsed = 00:00:36 . Memory (MB): peak = 629.336 ; gain = 419.195
---------------------------------------------------------------------------------

Report RTL Partitions: 
+-+--------------+------------+----------+
| |RTL Partition |Replication |Instances |
+-+--------------+------------+----------+
+-+--------------+------------+----------+
---------------------------------------------------------------------------------
Start RTL Component Statistics 
---------------------------------------------------------------------------------
Detailed RTL Component Info : 
+---XORs : 
	   3 Input      1 Bit         XORs := 240   
---------------------------------------------------------------------------------
Finished RTL Component Statistics 
---------------------------------------------------------------------------------
---------------------------------------------------------------------------------
Start RTL Hierarchical Component Statistics 
---------------------------------------------------------------------------------
Hierarchical RTL Component report 
Module full_adder 
Detailed RTL Component Info : 
+---XORs : 
	   3 Input      1 Bit         XORs := 1     
---------------------------------------------------------------------------------
Finished RTL Hierarchical Component Statistics
---------------------------------------------------------------------------------
---------------------------------------------------------------------------------
Start Part Resource Summary
---------------------------------------------------------------------------------
Part Resources:
DSPs: 120 (col length:60)
BRAMs: 150 (col length: RAMB18 60 RAMB36 30)
---------------------------------------------------------------------------------
Finished Part Resource Summary
---------------------------------------------------------------------------------
---------------------------------------------------------------------------------
Start Cross Boundary and Area Optimization
---------------------------------------------------------------------------------
---------------------------------------------------------------------------------
Finished Cross Boundary and Area Optimization : Time (s): cpu = 00:00:33 ; elapsed = 00:00:37 . Memory (MB): peak = 629.336 ; gain = 419.195
---------------------------------------------------------------------------------

Report RTL Partitions: 
+-+--------------+------------+----------+
| |RTL Partition |Replication |Instances |
+-+--------------+------------+----------+
+-+--------------+------------+----------+
---------------------------------------------------------------------------------
Start Timing Optimization
---------------------------------------------------------------------------------
---------------------------------------------------------------------------------
Start Applying XDC Timing Constraints
---------------------------------------------------------------------------------
---------------------------------------------------------------------------------
Finished Applying XDC Timing Constraints : Time (s): cpu = 00:00:44 ; elapsed = 00:00:48 . Memory (MB): peak = 629.336 ; gain = 419.195
---------------------------------------------------------------------------------
---------------------------------------------------------------------------------
Finished Timing Optimization : Time (s): cpu = 00:00:44 ; elapsed = 00:00:48 . Memory (MB): peak = 629.336 ; gain = 419.195
---------------------------------------------------------------------------------

Report RTL Partitions: 
+-+--------------+------------+----------+
| |RTL Partition |Replication |Instances |
+-+--------------+------------+----------+
+-+--------------+------------+----------+
---------------------------------------------------------------------------------
Start Technology Mapping
---------------------------------------------------------------------------------
---------------------------------------------------------------------------------
Finished Technology Mapping : Time (s): cpu = 00:00:44 ; elapsed = 00:00:48 . Memory (MB): peak = 629.336 ; gain = 419.195
---------------------------------------------------------------------------------

Report RTL Partitions: 
+-+--------------+------------+----------+
| |RTL Partition |Replication |Instances |
+-+--------------+------------+----------+
+-+--------------+------------+----------+
---------------------------------------------------------------------------------
Start IO Insertion
---------------------------------------------------------------------------------
---------------------------------------------------------------------------------
Start Flattening Before IO Insertion
---------------------------------------------------------------------------------
---------------------------------------------------------------------------------
Finished Flattening Before IO Insertion
---------------------------------------------------------------------------------
---------------------------------------------------------------------------------
Start Final Netlist Cleanup
---------------------------------------------------------------------------------
---------------------------------------------------------------------------------
Finished Final Netlist Cleanup
---------------------------------------------------------------------------------
---------------------------------------------------------------------------------
Finished IO Insertion : Time (s): cpu = 00:00:44 ; elapsed = 00:00:48 . Memory (MB): peak = 629.336 ; gain = 419.195
---------------------------------------------------------------------------------

Report Check Netlist: 
+------+------------------+-------+---------+-------+------------------+
|      |Item              |Errors |Warnings |Status |Description       |
+------+------------------+-------+---------+-------+------------------+
|1     |multi_driven_nets |      0|        0|Passed |Multi driven nets |
+------+------------------+-------+---------+-------+------------------+
---------------------------------------------------------------------------------
Start Renaming Generated Instances
---------------------------------------------------------------------------------
---------------------------------------------------------------------------------
Finished Renaming Generated Instances : Time (s): cpu = 00:00:44 ; elapsed = 00:00:48 . Memory (MB): peak = 629.336 ; gain = 419.195
---------------------------------------------------------------------------------

Report RTL Partitions: 
+-+--------------+------------+----------+
| |RTL Partition |Replication |Instances |
+-+--------------+------------+----------+
+-+--------------+------------+----------+
---------------------------------------------------------------------------------
Start Rebuilding User Hierarchy
---------------------------------------------------------------------------------
---------------------------------------------------------------------------------
Finished Rebuilding User Hierarchy : Time (s): cpu = 00:00:44 ; elapsed = 00:00:48 . Memory (MB): peak = 629.336 ; gain = 419.195
---------------------------------------------------------------------------------
---------------------------------------------------------------------------------
Start Renaming Generated Ports
---------------------------------------------------------------------------------
---------------------------------------------------------------------------------
Finished Renaming Generated Ports : Time (s): cpu = 00:00:44 ; elapsed = 00:00:48 . Memory (MB): peak = 629.336 ; gain = 419.195
---------------------------------------------------------------------------------
---------------------------------------------------------------------------------
Start Handling Custom Attributes
---------------------------------------------------------------------------------
---------------------------------------------------------------------------------
Finished Handling Custom Attributes : Time (s): cpu = 00:00:44 ; elapsed = 00:00:48 . Memory (MB): peak = 629.336 ; gain = 419.195
---------------------------------------------------------------------------------
---------------------------------------------------------------------------------
Start Renaming Generated Nets
---------------------------------------------------------------------------------
---------------------------------------------------------------------------------
Finished Renaming Generated Nets : Time (s): cpu = 00:00:44 ; elapsed = 00:00:48 . Memory (MB): peak = 629.336 ; gain = 419.195
---------------------------------------------------------------------------------
---------------------------------------------------------------------------------
Start Writing Synthesis Report
---------------------------------------------------------------------------------

Report BlackBoxes: 
+-+--------------+----------+
| |BlackBox name |Instances |
+-+--------------+----------+
+-+--------------+----------+

Report Cell Usage: 
+-+-----+------+
| |Cell |Count |
+-+-----+------+
+-+-----+------+

Report Instance Areas: 
+------+---------+-------+------+
|      |Instance |Module |Cells |
+------+---------+-------+------+
|1     |top      |       |     0|
+------+---------+-------+------+
---------------------------------------------------------------------------------
Finished Writing Synthesis Report : Time (s): cpu = 00:00:44 ; elapsed = 00:00:48 . Memory (MB): peak = 629.336 ; gain = 419.195
---------------------------------------------------------------------------------
Synthesis finished with 0 errors, 0 critical warnings and 0 warnings.
Synthesis Optimization Runtime : Time (s): cpu = 00:00:16 ; elapsed = 00:00:39 . Memory (MB): peak = 629.336 ; gain = 218.246
Synthesis Optimization Complete : Time (s): cpu = 00:00:45 ; elapsed = 00:00:48 . Memory (MB): peak = 629.336 ; gain = 419.195
INFO: [Project 1-571] Translating synthesized netlist
INFO: [Project 1-570] Preparing netlist for logic optimization
INFO: [Opt 31-138] Pushed 0 inverter(s) to 0 load pin(s).
INFO: [Project 1-111] Unisim Transformation Summary:
No Unisim elements were transformed.

INFO: [Common 17-83] Releasing license: Synthesis
120 Infos, 141 Warnings, 41 Critical Warnings and 0 Errors encountered.
synth_design completed successfully
synth_design: Time (s): cpu = 00:00:43 ; elapsed = 00:00:46 . Memory (MB): peak = 629.336 ; gain = 414.582
INFO: [Common 17-1381] The checkpoint 'C:/D/An3/An3_sem1_exerc/SSC/SSC_proiect/Wallace_Tree_16/Wallace_Tree_16.runs/synth_1/wallace16_tb.dcp' has been generated.
report_utilization: Time (s): cpu = 00:00:00 ; elapsed = 00:00:00.021 . Memory (MB): peak = 629.336 ; gain = 0.000
INFO: [Common 17-206] Exiting Vivado at Sat Dec 12 23:07:41 2020...
